Found   11 grains
Syntax:
Grain nr
#expected gvectors #measured gvectors #measured once #measured more than once
mean_IA position_x position_y position_z pos_chisq
U11 U12 U13
U21 U22 U23
U31 U32 U33

UBI11 UBI12 UBI13
UBI21 UBI22 UBI23
UBI31 UBI32 UBI33

r1 r2 r3

phi1 phi phi2

q0 qx qy qz

#  gvector_id peak_id  h k l  h_pred k_pred l_pred  dh dk dl  tth_meas tth_pred dtth  omega_meas omega_pred domega  eta_meas  eta_pred deta  IA
.
.

Grain    1, 71
  71   71   71    0
 0.0592      0.000   0.000   0.000     0.000
0.586929275 -0.799507810 0.127676500
0.762768530 0.493157609 -0.418305799
0.271474116 0.342903536 0.899288035

2.347717100 3.051074121 1.085896462
-3.198031238 1.972630437 1.371614143
0.510706001 -1.673223197 3.597152140

-0.255492966 0.048264357 -0.524363795

16.973388347 25.935360162 38.368390943

0.863043295 -0.220501491 -0.041654230 -0.452548658

    1        5     143    -1  -1  -1    -1.00   -1.00   -1.00    -0.00   -0.00    0.00     7.16    7.17   -0.02   -13.17  -13.18    0.01   151.30  151.12    0.18     0.18
    2        4     127    -1  -1   1    -1.00   -1.00    1.00    -0.00   -0.00    0.00     7.16    7.17   -0.02   -15.11  -15.12    0.01    80.42   80.51   -0.09     0.09
    3       21     188     1   1  -1     1.00    1.01   -1.01    -0.00   -0.01    0.01     7.21    7.17    0.04    -7.84   -7.85    0.01   260.50  260.51   -0.02     0.02
    4       12     272     1   1   1     1.01    1.00    1.00    -0.01   -0.00    0.00     7.19    7.17    0.01     1.63    1.61    0.03   330.91  331.12   -0.21     0.21
    5       28     193     0   0  -2     0.01    0.01   -2.00    -0.01   -0.01    0.00     8.30    8.29    0.02    -7.46   -7.46    0.01   205.84  205.62    0.21     0.21
    6       27      23     0   0   2     0.00    0.00    2.00    -0.00   -0.00    0.00     8.28    8.29   -0.01   -26.46  -26.48    0.02    25.47   25.62   -0.15     0.15
    7       40     115    -2  -2   0    -2.00   -2.00   -0.00    -0.00   -0.00    0.00    11.71   11.73   -0.02   -16.11  -16.12    0.01   115.91  115.89    0.01     0.02
    8       53     227     2   2   0     2.00    2.00   -0.01    -0.00   -0.00    0.01    11.76   11.73    0.03    -3.08   -3.09    0.01   295.79  295.89   -0.11     0.11
    9       43     381    -2   0   2    -2.00   -0.00    2.00    -0.00    0.00    0.00    11.72   11.73   -0.01    14.69   14.70   -0.01    63.48   63.50   -0.01     0.02
   10       57     495     2   0  -2     2.01    0.02   -2.01    -0.01   -0.02    0.01    11.77   11.73    0.04    27.50   27.80   -0.30   243.61  243.50    0.12     0.30
   11       77     391    -3  -1  -1    -3.00   -1.00   -1.00    -0.00   -0.00    0.00    13.75   13.76   -0.01    15.98   15.96    0.02   128.70  128.65    0.04     0.05
   12       80     328    -3  -1   1    -3.00   -1.00    1.00    -0.00   -0.00    0.00    13.75   13.76   -0.01     7.70    7.70    0.01    94.48   94.49   -0.01     0.00
   13       81      55    -1  -1   3    -1.00   -1.00    3.00    -0.00   -0.00    0.00    13.76   13.76   -0.01   -22.20  -22.20    0.01    50.70   50.75   -0.05     0.05
   14       83     446    -1   1   3    -1.00    1.00    3.00    -0.00    0.00    0.00    13.76   13.76   -0.01    20.75   20.78   -0.03    32.73   32.75   -0.03     0.03
   15      105     211     1   1  -3     1.01    1.01   -3.01    -0.01   -0.01    0.01    13.80   13.76    0.04    -4.47   -4.49    0.01   230.85  230.75    0.10     0.10
   16      109     453     3   1  -1     3.01    1.00   -1.00    -0.01   -0.00    0.00    13.81   13.76    0.04    21.52   21.50    0.02   274.46  274.49   -0.03     0.03
   17      125      64    -2  -2  -2    -2.00   -1.99   -2.00    -0.00   -0.01    0.00    14.36   14.38   -0.02   -20.69  -20.71    0.02   151.85  151.74    0.10     0.10
   18      127      85    -2  -2   2    -2.00   -2.00    2.00    -0.00   -0.00    0.00    14.36   14.38   -0.01   -18.77  -18.78    0.00    80.43   80.46   -0.02     0.02
   19      141     213     2   2  -2     2.01    2.01   -2.00    -0.01   -0.01    0.00    14.42   14.38    0.04    -4.18   -4.20    0.02   260.47  260.46    0.01     0.02
   20      134     340     2   2   2     2.01    2.00    2.00    -0.01   -0.00    0.00    14.39   14.38    0.01     9.14    9.13    0.01   331.64  331.74   -0.10     0.10
   21      148     275     0   0  -4     0.01    0.01   -4.00    -0.01   -0.01    0.00    16.64   16.62    0.02     2.32    2.32   -0.00   204.79  204.66    0.14     0.14
   22      166      67    -3  -3  -1    -3.00   -3.00   -1.00    -0.00   -0.00    0.00    18.10   18.12   -0.02   -20.33  -20.35    0.02   129.61  129.58    0.03     0.04
   23      168      75    -3  -3   1    -3.00   -3.00    1.00    -0.00   -0.00   -0.00    18.10   18.12   -0.02   -19.64  -19.64    0.01   102.65  102.67   -0.02     0.02
   24      170     447    -3  -1  -3    -3.00   -1.00   -3.00    -0.00   -0.00    0.00    18.11   18.12   -0.01    21.70   21.65    0.05   153.65  153.59    0.06     0.07
   25      176     239    -3  -1   3    -3.00   -1.00    3.00    -0.00   -0.00   -0.00    18.12   18.12   -0.00    -1.54   -1.54   -0.00    69.02   69.03   -0.01     0.01
   26      178     484    -3   1   3    -3.00    1.00    3.00     0.00    0.00   -0.00    18.12   18.12    0.00    24.93   24.97   -0.03    58.87   58.85    0.02     0.03
   27      200      47     1   3  -3     1.00    3.01   -3.01    -0.00   -0.01    0.01    18.16   18.12    0.04   -22.53  -22.54    0.01   251.06  251.05    0.00     0.02
   28      202     409     3   1  -3     3.01    1.00   -3.01    -0.01   -0.00    0.01    18.17   18.12    0.05    17.86   17.84    0.02   249.08  249.03    0.05     0.05
   29      198     245     3   3  -1     3.00    3.01   -1.01    -0.00   -0.01    0.01    18.15   18.12    0.03    -1.07   -1.08    0.01   282.61  282.67   -0.06     0.06
   30      188     286     3   3   1     3.00    3.00    1.00    -0.00   -0.00    0.00    18.14   18.12    0.02     3.04    3.03    0.01   309.50  309.58   -0.08     0.08
   31      226     260    -4  -2   0    -4.00   -2.00   -0.00    -0.00   -0.00    0.00    18.58   18.59   -0.01     0.38    0.37    0.01   113.67  113.67    0.01     0.01
   32      233     419    -4   0   2    -4.00   -0.00    2.00     0.00    0.00   -0.00    18.60   18.59    0.00    18.85   18.87   -0.02    80.71   80.71    0.00     0.02
   33      232     249    -2   0   4    -2.00    0.00    4.00    -0.00   -0.00   -0.00    18.60   18.59    0.00    -1.07   -1.07   -0.00    46.20   46.21   -0.01     0.01
   34      246      25     0   2  -4     0.00    2.01   -4.01    -0.00   -0.01    0.01    18.63   18.59    0.04   -26.12  -26.14    0.01   228.79  228.73    0.06     0.07
   35      227     471     0   2   4     0.00    2.00    4.00    -0.00    0.00    0.00    18.59   18.59   -0.01    23.53   23.59   -0.06    13.94   13.96   -0.03     0.02
   36      248     474     2   0  -4     2.01    0.00   -4.00    -0.01   -0.00    0.00    18.63   18.59    0.04    24.49   24.49    0.00   226.32  226.21    0.11     0.11
   37      237      78     2   4   0     2.00    4.01   -0.01     0.00   -0.01    0.01    18.61   18.59    0.02   -19.78  -19.76   -0.02   295.63  295.71   -0.08     0.08
   38      247     441     4   2   0     4.01    2.00   -0.00    -0.01   -0.00    0.00    18.63   18.59    0.04    20.66   20.64    0.02   293.60  293.67   -0.06     0.06
   39      277     279    -4  -2  -2    -4.00   -2.00   -2.00    -0.00   -0.00    0.00    20.37   20.39   -0.01     2.47    2.44    0.03   137.81  137.77    0.03     0.04
   40      280     214    -4  -2   2    -4.00   -2.00    2.00    -0.00   -0.00   -0.00    20.39   20.39   -0.00    -4.41   -4.41    0.00    89.67   89.68   -0.02     0.02
   41      282      36    -2  -2   4    -2.00   -2.00    4.00    -0.00   -0.00   -0.00    20.39   20.39   -0.00   -24.27  -24.27   -0.00    60.55   60.58   -0.03     0.03
   42      306     243     2   2  -4     2.01    2.01   -4.01    -0.01   -0.01    0.01    20.43   20.39    0.04    -0.92   -0.94    0.02   240.63  240.58    0.05     0.05
   43      303      96     2   4  -2     2.00    4.01   -2.01    -0.00   -0.01    0.01    20.43   20.39    0.04   -17.54  -17.54   -0.00   271.33  271.38   -0.04     0.05
   44      288      97     2   4   2     2.00    4.00    2.00     0.00   -0.00    0.00    20.39   20.39    0.01   -17.91  -17.87   -0.05   320.29  320.36   -0.07     0.07
   45      309     393     4   2  -2     4.01    2.00   -2.01    -0.01   -0.00    0.01    20.44   20.39    0.05    16.00   15.97    0.03   269.67  269.68   -0.01     0.02
   46      338     407    -5  -1  -1    -5.00   -1.00   -1.00    -0.00   -0.00    0.00    21.64   21.64   -0.00    17.68   17.67    0.00   120.63  120.62    0.01     0.01
   47      344     365    -5  -1   1    -5.00   -1.00    1.00     0.00    0.00   -0.00    21.64   21.64    0.01    12.06   12.07   -0.01    99.03   99.03    0.00     0.00
   48      336      51    -3  -3   3    -3.00   -3.00    3.00    -0.00   -0.00   -0.00    21.63   21.64   -0.00   -22.46  -22.46   -0.00    80.33   80.36   -0.03     0.03
   49      356      17    -1   1  -5    -1.00    1.01   -5.01    -0.00   -0.01    0.01    21.67   21.64    0.03   -26.99  -27.04    0.05   209.98  209.89    0.09     0.10
   50      339     207    -1   1   5    -1.00    1.00    5.00     0.00   -0.00    0.00    21.64   21.64    0.00    -5.60   -5.61    0.02    26.49   26.49    0.00     0.01
   51      361     274     1   1  -5     1.01    1.01   -5.01    -0.01   -0.01    0.01    21.67   21.64    0.04     2.16    2.14    0.02   220.57  220.48    0.09     0.09
   52      364     252     3   3  -3     3.01    3.01   -3.01    -0.01   -0.01    0.01    21.68   21.64    0.05    -0.50   -0.52    0.02   260.36  260.36   -0.00     0.00
   53      343     405     3   3   3     3.00    3.00    3.00    -0.00   -0.00    0.00    21.64   21.64    0.01    16.94   16.93    0.01   332.78  332.84   -0.06     0.06
   54      388      45    -4  -4   0    -4.00   -4.00    0.00    -0.00   -0.00   -0.00    23.57   23.58   -0.02   -22.71  -22.72    0.01   116.34  116.35   -0.00     0.00
   55      394     290     4   4   0     4.00    4.00   -0.01    -0.00   -0.00    0.01    23.61   23.58    0.03     3.52    3.51    0.01   296.28  296.35   -0.06     0.06
   56      391     332    -4   0   4    -4.00   -0.00    4.00     0.00    0.00   -0.00    23.60   23.58    0.01     8.05    8.07   -0.02    63.04   63.03    0.01     0.02
   57      436     191    -5  -3  -1    -5.00   -3.00   -1.00    -0.00   -0.00    0.00    24.67   24.68   -0.01    -7.12   -7.14    0.02   124.65  124.64    0.00     0.00
   58      437     179    -5  -3   1    -5.00   -3.00    1.00    -0.00   -0.00   -0.00    24.68   24.68   -0.00    -8.66   -8.67    0.00   104.90  104.91   -0.01     0.01
   59      441     443    -5  -1  -3    -5.00   -1.00   -3.00    -0.00   -0.00    0.00    24.68   24.68   -0.00    20.91   20.89    0.02   139.58  139.55    0.02     0.03
   60      453     301    -5  -1   3    -5.00   -1.00    3.00     0.00    0.00   -0.00    24.69   24.68    0.01     4.95    4.96   -0.01    80.06   80.06    0.00     0.00
   61      457     469    -5   1   3    -5.00    1.00    3.00     0.00    0.00   -0.00    24.70   24.68    0.02    23.31   23.34   -0.03    73.09   73.07    0.02     0.03
   62      442     436    -3  -1  -5    -2.99   -1.00   -5.00    -0.01   -0.00    0.00    24.68   24.68    0.00    20.26   20.14    0.13   168.08  168.03    0.04     0.08
   63      447     155    -3  -1   5    -3.00   -1.00    5.00     0.00    0.00   -0.00    24.69   24.68    0.01   -11.22  -11.21   -0.01    54.70   54.71   -0.00     0.00
   64      448     341    -3   1   5    -3.00    1.00    5.00     0.00    0.00   -0.00    24.69   24.68    0.01     9.34    9.36   -0.02    45.88   45.86    0.02     0.03
   65      480     124     1   3  -5     1.00    3.01   -5.01    -0.00   -0.01    0.01    24.73   24.68    0.04   -14.75  -14.77    0.02   236.46  236.42    0.03     0.03
   66      477      11     1   5  -3     1.03    5.00   -3.01    -0.03    0.00    0.01    24.72   24.68    0.04   -27.50  -27.80    0.30   262.89  262.92   -0.04     0.28
   67      482     416     3   1  -5     3.01    1.01   -5.01    -0.01   -0.01    0.01    24.73   24.68    0.05    18.82   18.80    0.02   234.77  234.71    0.07     0.07
   68      468     152     3   5  -1     3.00    5.01   -1.01    -0.00   -0.01    0.01    24.71   24.68    0.03   -11.73  -11.72   -0.01   286.32  286.38   -0.06     0.06
   69      452     160     3   5   1     3.00    5.00    0.99    -0.00   -0.00    0.01    24.69   24.68    0.01   -10.76  -10.74   -0.02   306.32  306.38   -0.07     0.07
   70      479     396     5   3  -1     5.01    3.00   -1.01    -0.01   -0.00    0.01    24.72   24.68    0.04    16.87   16.85    0.03   284.86  284.91   -0.04     0.04
   71      469     464     5   3   1     5.01    3.00    0.99    -0.01   -0.00    0.01    24.71   24.68    0.03    22.67   22.65    0.02   304.58  304.64   -0.07     0.07

Grain    2, 68
  69   68   68    0
 0.0643      0.000   0.000   0.000     0.000
-0.747519694 0.663901609 -0.021188697
-0.662267336 -0.747377201 -0.053191113
-0.051149615 -0.025728823 0.998359527

-2.990078774 -2.649069345 -0.204598460
2.655606437 -2.989508805 -0.102915291
-0.084754788 -0.212764453 3.993438107

-0.054546830 -0.059509715 2.634096080

-21.719880728 3.282325150 243.297097615

0.354775504 -0.019351879 0.021112589 0.934512764

    1       15     325    -1  -1  -1    -1.00   -1.01   -1.00     0.00    0.01    0.00     7.20    7.17    0.02     8.33    8.34   -0.01   237.92  237.79    0.13     0.13
    2       17     318    -1  -1   1    -1.00   -1.00    1.00     0.00    0.00   -0.00     7.20    7.17    0.03     7.22    7.21    0.01   308.38  308.46   -0.08     0.09
    3        3     231     1   1  -1     0.99    1.00   -1.00     0.01    0.00    0.00     7.15    7.17   -0.02    -1.97   -1.94   -0.03   128.65  128.46    0.19     0.19
    4        2     244     1   1   1     1.00    1.00    1.00     0.00    0.00    0.00     7.15    7.17   -0.02    -0.13   -0.14    0.01    57.66   57.79   -0.12     0.13
    5       54     331    -2  -2   0    -2.00   -2.01    0.00     0.00    0.01   -0.00    11.76   11.73    0.03     9.17    9.27   -0.09   273.17  273.13    0.03     0.11
    6       39     222     2   2   0     2.00    2.00   -0.00     0.00    0.00    0.00    11.70   11.73   -0.03    -2.48   -2.48   -0.00    93.17   93.13    0.04     0.04
    7      106     110    -1  -3  -1    -1.00   -3.01   -1.00     0.00    0.01    0.00    13.80   13.76    0.04   -15.33  -15.33    0.00   254.65  254.68   -0.02     0.03
    8      100     102    -1  -3   1    -1.00   -3.01    1.00     0.00    0.01   -0.00    13.79   13.76    0.03   -16.59  -16.61    0.03   289.98  290.01   -0.03     0.03
    9       95     423    -1  -1  -3    -1.01   -1.00   -3.00     0.01    0.00    0.00    13.79   13.76    0.02    19.96   19.96   -0.00   207.68  207.59    0.09     0.09
   10       91     421    -1  -1   3    -1.00   -1.00    3.00     0.00    0.00   -0.00    13.78   13.76    0.02    19.48   19.45    0.03   338.84  338.90   -0.06     0.07
   11       86      89     1   1  -3     1.00    0.99   -3.00     0.00    0.01    0.00    13.76   13.76   -0.00   -17.65  -17.61   -0.03   159.05  158.90    0.15     0.14
   12       88     168     1   1   3     1.00    1.00    3.00     0.00    0.00   -0.00    13.76   13.76   -0.00    -9.29   -9.24   -0.04    27.48   27.59   -0.12     0.11
   13       68     460     3   1  -1     2.99    1.00   -1.00     0.01    0.00    0.00    13.73   13.76   -0.03    22.81   22.79    0.02   111.03  110.95    0.08     0.08
   14       69     461     3   1   1     2.99    1.00    1.00     0.01    0.00   -0.00    13.73   13.76   -0.03    22.79   22.75    0.04    75.55   75.59   -0.05     0.05
   15      138     361    -2  -2  -2    -2.00   -2.01   -2.00     0.00    0.01    0.00    14.41   14.38    0.03    12.60   12.60    0.00   237.63  237.57    0.06     0.06
   16      137     358    -2  -2   2    -2.00   -2.00    2.00     0.00    0.00   -0.00    14.40   14.38    0.02    11.82   11.82    0.00   308.69  308.73   -0.05     0.05
   17      124     192     2   2  -2     2.00    2.00   -2.00     0.00    0.00    0.00    14.36   14.38   -0.02    -6.55   -6.55    0.00   128.82  128.73    0.09     0.09
   18      126     206     2   2   2     1.99    2.00    2.00     0.01    0.00   -0.00    14.36   14.38   -0.02    -4.45   -4.40   -0.05    57.50   57.57   -0.07     0.08
   19      197     366    -3  -3  -1    -3.01   -3.00   -1.00     0.01    0.00    0.00    18.15   18.12    0.03    12.88   12.84    0.04   259.72  259.73   -0.01     0.02
   20      195     363    -3  -3   1    -3.00   -3.00    1.00     0.00    0.00   -0.00    18.15   18.12    0.03    12.60   12.59    0.00   286.58  286.59   -0.01     0.01
   21      199     165    -1  -3  -3    -1.00   -3.01   -3.00     0.00    0.01    0.00    18.15   18.12    0.04    -8.99   -9.01    0.02   228.29  228.24    0.05     0.05
   22      189     139    -1  -3   3    -1.00   -3.01    3.00     0.00    0.01   -0.00    18.14   18.12    0.02   -12.42  -12.43    0.01   316.46  316.52   -0.06     0.06
   23      169     389     3   1  -3     2.99    1.00   -3.00     0.01    0.00    0.00    18.11   18.12   -0.01    17.18   17.19   -0.01   137.63  137.51    0.11     0.11
   24      167     399     3   1   3     2.99    1.00    3.00     0.01    0.00   -0.00    18.10   18.12   -0.02    17.63   17.67   -0.04    49.07   49.14   -0.08     0.08
   25      163     194     3   3  -1     2.99    3.00   -1.00     0.01    0.00    0.00    18.10   18.12   -0.02    -6.30   -6.30   -0.01   106.63  106.59    0.04     0.04
   26      165     199     3   3   1     3.00    3.00    1.00     0.00    0.00   -0.00    18.10   18.12   -0.02    -5.54   -5.57    0.02    79.69   79.73   -0.04     0.04
   27      244     197    -2  -4   0    -2.00   -4.01   -0.00     0.00    0.01    0.00    18.63   18.59    0.03    -5.76   -5.75   -0.01   272.64  272.67   -0.03     0.03
   28      245     105     0  -2  -4    -0.00   -2.01   -4.00     0.00    0.01    0.00    18.63   18.59    0.03   -15.97  -16.05    0.08   206.79  206.72    0.07     0.08
   29      236      27     0  -2   4    -0.00   -2.01    4.00     0.00    0.01   -0.00    18.61   18.59    0.02   -25.45  -25.52    0.06   336.36  336.42   -0.06     0.07
   30      229     490     2   0   4     1.99   -0.00    4.00     0.01    0.00   -0.00    18.59   18.59   -0.00    26.60   26.65   -0.05    28.05   28.16   -0.10     0.10
   31      223      30     2   4   0     2.00    3.99    0.00    -0.00    0.01   -0.00    18.57   18.59   -0.02   -24.27  -24.36    0.10    92.64   92.67   -0.02     0.09
   32      219     362     4   2   0     3.99    2.00   -0.00     0.01    0.00    0.00    18.57   18.59   -0.03    12.54   12.55   -0.00    93.33   93.33    0.00     0.02
   33      301     212    -2  -4  -2    -2.01   -4.00   -2.00     0.01    0.00    0.00    20.42   20.39    0.03    -3.16   -3.23    0.07   248.18  248.19   -0.01     0.05
   34      300     203    -2  -4   2    -2.01   -4.01    2.00     0.01    0.01   -0.00    20.41   20.39    0.03    -4.49   -4.53    0.04   297.14  297.17   -0.03     0.04
   35      302     434    -2  -2  -4    -2.01   -2.01   -4.00     0.01    0.01    0.00    20.42   20.39    0.03    21.31   21.31    0.00   217.27  217.22    0.05     0.05
   36      296     442    -2  -2   4    -2.00   -2.00    4.00     0.00    0.00   -0.00    20.41   20.39    0.02    21.26   21.23    0.03   329.30  329.33   -0.03     0.04
   37      279      88     2   2  -4     2.00    2.00   -4.00     0.00    0.00    0.00    20.38   20.39   -0.00   -17.67  -17.61   -0.06   149.42  149.33    0.09     0.09
   38      285     146     2   2   4     2.00    2.00    4.00     0.00    0.00   -0.00    20.39   20.39    0.00   -11.84  -11.81   -0.03    37.14   37.22   -0.07     0.07
   39      276       4     2   4  -2     2.00    3.99   -2.00     0.00    0.01    0.00    20.37   20.39   -0.02   -27.35  -27.38    0.03   117.21  117.17    0.04     0.04
   40      278      24     2   4   2     2.00    4.00    2.00    -0.00    0.00   -0.00    20.38   20.39   -0.01   -25.12  -25.16    0.04    68.13   68.19   -0.06     0.07
   41      275     338     4   2  -2     3.99    2.00   -2.00     0.01    0.00    0.00    20.37   20.39   -0.02    10.34   10.37   -0.03   117.92  117.85    0.07     0.08
   42      273     346     4   2   2     3.99    2.00    2.00     0.01   -0.00   -0.00    20.36   20.39   -0.03    10.84   10.94   -0.10    68.80   68.84   -0.04     0.11
   43      355     390    -3  -3  -3    -3.01   -3.00   -3.00     0.01    0.00    0.00    21.67   21.64    0.03    16.94   16.91    0.04   237.22  237.20    0.02     0.03
   44      352     388    -3  -3   3    -3.00   -3.01    3.00    -0.00    0.01   -0.00    21.66   21.64    0.02    16.41   16.49   -0.08   309.19  309.20   -0.01     0.07
   45      362      76    -1  -5  -1    -1.00   -5.01   -1.00     0.00    0.01    0.00    21.68   21.64    0.04   -18.81  -18.85    0.04   260.73  260.77   -0.04     0.04
   46      359      66    -1  -5   1    -1.00   -5.01    1.00     0.00    0.01    0.00    21.67   21.64    0.03   -19.68  -19.71    0.03   283.31  283.35   -0.03     0.03
   47      334     147     3   3  -3     2.99    3.00   -3.00     0.01    0.00    0.00    21.63   21.64   -0.01   -11.26  -11.22   -0.04   129.27  129.20    0.07     0.08
   48      333     167     3   3   3     2.99    3.00    3.00     0.01    0.00   -0.00    21.62   21.64   -0.02    -8.73   -8.71   -0.02    57.15   57.20   -0.06     0.06
   49      329     480     5   1  -1     4.99    0.99   -1.00     0.01    0.01    0.00    21.60   21.64   -0.03    26.21   26.14    0.07   104.56  104.52    0.04     0.07
   50      326     482     5   1   1     4.99    1.00    1.00     0.01   -0.00    0.00    21.60   21.64   -0.04    26.01   26.04   -0.03    81.92   81.93   -0.00     0.05
   51      395     378    -4  -4   0    -4.01   -4.00   -0.00     0.01    0.00    0.00    23.61   23.58    0.03    15.25   15.20    0.04   273.17  273.18   -0.01     0.03
   52      398      43     0  -4  -4    -0.00   -4.01   -4.01     0.00    0.01    0.01    23.62   23.58    0.04   -22.33  -22.41    0.08   225.39  225.37    0.02     0.05
   53      387     175     4   4   0     4.00    3.99    0.00     0.00    0.01   -0.00    23.56   23.58   -0.02    -8.38   -8.41    0.04    93.17   93.18   -0.01     0.03
   54      393       8     0  -4   4    -0.01   -4.01    4.00     0.01    0.01   -0.00    23.61   23.58    0.02   -27.29  -27.39    0.09   317.67  317.71   -0.04     0.07
   55      470     268    -3  -5  -1    -3.00   -5.01   -1.00    -0.00    0.01    0.00    24.71   24.68    0.03     2.00    2.08   -0.08   262.88  262.88    0.00     0.09
   56      465     262    -3  -5   1    -3.01   -5.00    1.00     0.01    0.00   -0.00    24.71   24.68    0.02     1.74    1.68    0.05   282.81  282.80    0.01     0.04
   57      474     114    -1  -5  -3    -1.00   -5.01   -3.01     0.00    0.01    0.01    24.72   24.68    0.04   -14.72  -14.76    0.04   240.84  240.85   -0.01     0.02
   58      466      92    -1  -5   3    -1.01   -5.01    3.00     0.01    0.01    0.00    24.71   24.68    0.03   -17.13  -17.20    0.06   303.28  303.32   -0.04     0.06
   59      473     265    -1  -3  -5    -1.00   -3.01   -5.01     0.00    0.01    0.01    24.72   24.68    0.04     2.32    2.30    0.02   212.74  212.70    0.04     0.05
   60      462     232    -1  -3   5    -1.01   -3.00    5.00     0.01    0.00   -0.00    24.70   24.68    0.02    -1.78   -1.85    0.07   332.33  332.37   -0.03     0.05
   61      445     291     3   1  -5     2.99    1.00   -5.01     0.01    0.00    0.01    24.68   24.68    0.00     4.68    4.73   -0.05   153.58  153.47    0.10     0.09
   62      444     320     3   1   5     2.99    1.00    5.00     0.01   -0.00   -0.00    24.68   24.68    0.00     7.63    7.75   -0.13    33.54   33.62   -0.08     0.09
   63      434      32     3   5  -1     3.00    4.99   -1.00     0.00    0.01    0.00    24.66   24.68   -0.02   -23.57  -23.60    0.03   102.82  102.80    0.02     0.03
   64      433      39     3   5   1     3.00    5.00    1.00     0.00    0.00   -0.00    24.66   24.68   -0.02   -22.79  -22.79    0.00    82.87   82.88   -0.01     0.01
   65      435     449     5   1  -3     4.99    1.00   -3.01     0.01    0.00    0.01    24.66   24.68   -0.02    22.77   22.79   -0.02   124.64  124.54    0.10     0.10
   66      421     456     5   1   3     4.99    1.00    3.00     0.01   -0.00   -0.00    24.65   24.68   -0.03    22.71   22.72   -0.01    61.95   62.00   -0.05     0.05
   67      424     288     5   3  -1     4.99    3.00   -1.00     0.01    0.00    0.00    24.65   24.68   -0.03     4.74    4.74    0.00   103.35  103.32    0.04     0.04
   68      430     296     5   3   1     4.99    3.00    1.00     0.01    0.00   -0.00    24.66   24.68   -0.02     5.06    5.07   -0.01    83.37   83.39   -0.02     0.03

Grain    3, 23
  76   23   23    0
 0.2205      0.000   0.000   0.000     0.000
-0.553722135 -0.488819428 0.674127113
-0.746000922 0.650893049 -0.140786588
-0.369965433 -0.580856097 -0.725073633

-2.214888541 -2.984003687 -1.479861731
-1.955277710 2.603572196 -2.323424390
2.696508451 -0.563146350 -2.900294530

1.182673274 -2.805966607 0.691167357

78.203738373 136.474973536 212.494336540

0.304998886 0.360714031 0.855816688 0.210805274

    1       62     326    -2   2   0    -2.02    2.00   -0.01     0.02   -0.00    0.01    11.79   11.73    0.06     8.65    8.59    0.06   261.60  261.38    0.22     0.22
    2       47     215     2  -2   0     2.01   -2.00    0.00    -0.01   -0.00   -0.00    11.74   11.73    0.01    -3.22   -3.27    0.05    81.56   81.38    0.18     0.19
    3      118     387    -3   1  -1    -3.03    1.01   -1.01     0.03   -0.01    0.01    13.88   13.76    0.12    16.84   16.77    0.06   292.36  292.39   -0.03     0.03
    4       79     280    -1   3   1    -1.01    3.00    1.00     0.01    0.00    0.00    13.75   13.76   -0.01     3.64    3.57    0.07   230.55  230.43    0.13     0.14
    5       66     122     1  -3  -1     0.99   -2.99   -1.00     0.01   -0.01   -0.00    13.71   13.76   -0.05   -14.23  -14.23   -0.00    50.40   50.43   -0.02     0.04
    6      114     261     3  -1   1     3.01   -1.00    1.01    -0.01    0.00   -0.01    13.83   13.76    0.07     1.79    1.90   -0.12   112.45  112.39    0.06     0.09
    7      135     492     2   2   2     2.01    1.99    2.00    -0.01    0.01   -0.00    14.39   14.38    0.01    27.07   27.67   -0.60   167.07  167.22   -0.16     0.26
    8      261     498    -4   0  -2    -4.03    0.02   -2.00     0.03   -0.02    0.00    18.73   18.59    0.13    27.23   27.21    0.02   311.35  311.60   -0.24     0.25
    9      260      56    -2   0  -4    -2.04    0.02   -4.01     0.04   -0.02    0.01    18.72   18.59    0.12   -20.81  -21.56    0.75   325.28  325.57   -0.29     0.53
   10      217     270     0   4   2     0.00    3.99    2.00    -0.00    0.01    0.00    18.56   18.59   -0.03     2.75    2.87   -0.12   211.21  211.24   -0.03     0.06
   11      256     267     4   0   2     4.02   -0.01    2.01    -0.02    0.01   -0.01    18.69   18.59    0.10     2.34    2.52   -0.18   131.46  131.60   -0.13     0.17
   12      317     101    -2   4  -2    -2.04    4.01   -2.01     0.04   -0.01    0.01    20.51   20.39    0.12   -16.03  -16.45    0.41   268.62  268.42    0.21     0.41
   13      266     445     4  -2  -2     3.99   -1.99   -2.00     0.01   -0.01   -0.00    20.35   20.39   -0.04    22.45   22.37    0.08    76.43   76.42    0.01     0.06
   14      378     151    -3   3  -3    -3.02    3.02   -3.03     0.02   -0.02    0.03    21.82   21.64    0.18   -10.25  -10.28    0.03   287.67  287.59    0.07     0.10
   15      366      58    -1   5  -1    -1.05    5.00   -1.00     0.05   -0.00    0.00    21.69   21.64    0.05   -19.75  -20.22    0.47   249.47  249.24    0.23     0.49
   16      319     394     3  -3  -3     2.98   -2.98   -3.00     0.02   -0.02    0.00    21.56   21.64   -0.08    17.75   17.58    0.17    56.51   56.62   -0.11     0.16
   17      354     334     3   3   3     3.02    2.99    3.00    -0.02    0.01   -0.00    21.67   21.64    0.03     9.11    9.36   -0.25   169.85  170.09   -0.24     0.29
   18      400     157     4  -4   0     4.02   -4.00    0.01    -0.02   -0.00   -0.01    23.63   23.58    0.04    -9.25   -9.27    0.02    81.39   81.24    0.15     0.15
   19      499     263    -3  -1  -5    -3.06   -0.97   -5.01     0.06   -0.03    0.01    24.82   24.68    0.14     1.65    1.10    0.55   336.48  336.90   -0.42     0.54
   20      464     354    -3   5   1    -3.01    5.00    0.99     0.01   -0.00    0.01    24.70   24.68    0.02    12.50   12.50   -0.00   244.30  244.15    0.14     0.14
   21      440     330    -1  -3  -5    -1.04   -2.97   -5.01     0.04   -0.03    0.01    24.68   24.68   -0.00     8.29    8.25    0.04     6.37    6.87   -0.50     0.49
   22      420     316     1   5   3     1.02    4.99    3.00    -0.02    0.01    0.00    24.64   24.68   -0.04     8.03    8.24   -0.21   199.33  199.45   -0.12     0.17
   23      431     112     3  -5  -1     3.01   -4.99   -1.00    -0.01   -0.01   -0.00    24.66   24.68   -0.02   -14.75  -14.83    0.08    64.24   64.15    0.09     0.10

Grain    4, 68
  70   68   68    0
 0.0794      0.000   0.000   0.000     0.000
-0.898034067 -0.194198277 0.394742756
-0.195404391 0.980002430 0.037581394
-0.394147102 -0.043385096 -0.918022764

-3.592136269 -0.781617565 -1.576588407
-0.776793108 3.920009720 -0.173540382
1.578971023 0.150325577 -3.672091057

0.493861931 -4.811900198 0.007356795

-84.561560058 203.361285930 83.718548623

0.202450981 0.099982832 0.974173914 0.001489390

    1       16     435    -1   1  -1    -1.00    1.01   -1.00     0.00   -0.01    0.00     7.20    7.17    0.02    20.42   20.47   -0.05   317.08  317.22   -0.14     0.14
    2        7     344     1  -1   1     1.00   -0.99    1.00     0.00   -0.01   -0.00     7.16    7.17   -0.01     9.86    9.92   -0.06   137.42  137.22    0.20     0.20
    3       26     116     0  -2   0     0.00   -2.00   -0.00    -0.00   -0.00    0.00     8.28    8.29   -0.01   -15.32  -15.36    0.03    87.49   87.51   -0.02     0.03
    4       31     189     0   2   0    -0.00    2.01   -0.00     0.00   -0.01    0.00     8.33    8.29    0.04    -7.01   -7.06    0.05   267.52  267.51    0.01     0.03
    5       48     282     0  -2  -2    -0.00   -2.00   -2.00     0.00   -0.00    0.00    11.74   11.73    0.01     3.11    3.14   -0.03    46.78   46.89   -0.11     0.11
    6       59     417     0   2   2    -0.00    2.01    2.01     0.00   -0.01   -0.01    11.78   11.73    0.05    19.19   19.16    0.03   226.98  226.89    0.09     0.09
    7       58      34     0   2  -2    -0.00    2.01   -2.01     0.00   -0.01    0.01    11.78   11.73    0.05   -24.44  -24.53    0.09   308.40  308.44   -0.04     0.06
    8       37     473     2  -2   0     1.99   -2.00   -0.00     0.01   -0.00    0.00    11.70   11.73   -0.03    24.80   24.86   -0.06   104.40  104.44   -0.04     0.08
    9       96      72    -1  -1  -3    -1.00   -1.00   -3.01     0.00   -0.00    0.01    13.79   13.76    0.02   -20.21  -20.28    0.07    14.15   14.24   -0.09     0.10
   10      107     210    -1   1  -3    -1.00    1.01   -3.01     0.00   -0.01    0.01    13.80   13.76    0.04    -4.37   -4.40    0.03   340.48  340.55   -0.07     0.07
   11      110     303    -1   3  -1    -1.00    3.01   -1.00     0.00   -0.01    0.00    13.81   13.76    0.05     5.88    5.90   -0.02   290.99  291.04   -0.05     0.06
   12      112     426    -1   3   1    -1.00    3.01    1.00     0.00   -0.01   -0.00    13.81   13.76    0.05    19.63   19.64   -0.01   258.51  258.54   -0.03     0.05
   13       84     300     1  -3  -1     1.00   -3.00   -1.00     0.00   -0.00    0.00    13.76   13.76   -0.00     5.56    5.60   -0.04    78.46   78.54   -0.08     0.09
   14       85     174     1  -3   1     1.00   -3.00    1.00     0.00   -0.00   -0.00    13.76   13.76   -0.00    -8.87   -8.83   -0.04   111.07  111.04    0.04     0.05
   15      113       7     1   3  -1     0.99    3.02   -1.00     0.01   -0.02    0.00    13.81   13.76    0.05   -27.49  -27.78    0.30   276.92  276.87    0.05     0.27
   16      111     130     1   3   1     1.00    3.01    1.00     0.00   -0.01   -0.00    13.81   13.76    0.05   -13.55  -13.67    0.12   244.10  244.02    0.08     0.12
   17      140     485    -2   2  -2    -2.00    2.01   -2.00     0.00   -0.01    0.00    14.41   14.38    0.03    25.73   25.79   -0.06   317.53  317.59   -0.06     0.07
   18      128     293     2  -2   2     2.00   -2.00    2.00     0.00   -0.00   -0.00    14.37   14.38   -0.01     4.53    4.60   -0.08   137.70  137.59    0.11     0.11
   19      147      69     0  -4   0     0.00   -4.00    0.00    -0.00    0.00   -0.00    16.62   16.62    0.01   -19.49  -19.52    0.03    87.50   87.49    0.02     0.04
   20      150     217     0   4   0     0.00    4.01   -0.00    -0.00   -0.01    0.00    16.68   16.62    0.06    -2.88   -2.89    0.01   267.51  267.49    0.03     0.03
   21      190      73    -1  -3  -3    -1.00   -3.00   -3.01    -0.00    0.00    0.01    18.14   18.12    0.02   -19.70  -19.75    0.05    40.35   40.39   -0.05     0.07
   22      205     218    -1   3  -3    -1.00    3.01   -3.01     0.00   -0.01    0.01    18.17   18.12    0.05    -3.38   -3.43    0.05   314.49  314.52   -0.03     0.04
   23      186     372     1  -3  -3     0.99   -3.00   -3.01     0.01    0.00    0.01    18.14   18.12    0.02    13.61   13.72   -0.11    54.54   54.66   -0.11     0.13
   24      206     321     1   3   3     1.00    3.01    3.01     0.00   -0.01   -0.01    18.18   18.12    0.06     7.99    7.90    0.08   220.48  220.39    0.09     0.10
   25      161     481     3  -3  -1     2.99   -3.00   -1.00     0.01   -0.00    0.00    18.09   18.12   -0.03    26.01   26.05   -0.04    91.70   91.79   -0.09     0.10
   26      164     383     3  -3   1     2.99   -3.00    1.00     0.01   -0.00   -0.00    18.10   18.12   -0.02    15.97   16.03   -0.06   117.27  117.24    0.03     0.07
   27      175     444     3  -1   3     2.99   -0.99    3.01     0.01   -0.01   -0.01    18.12   18.12   -0.00    21.55   21.66   -0.10   154.91  154.75    0.16     0.15
   28      249     455    -2   4   0    -2.00    4.01   -0.00    -0.00   -0.01    0.00    18.64   18.59    0.05    22.59   22.69   -0.10   277.97  278.01   -0.03     0.12
   29      235     158     0  -4  -2    -0.00   -4.00   -2.00     0.00    0.00    0.00    18.61   18.59    0.02   -10.24  -10.24   -0.01    62.87   62.91   -0.04     0.04
   30      243     360     0  -2  -4    -0.01   -2.00   -4.01     0.01   -0.00    0.01    18.63   18.59    0.03    11.96   12.08   -0.12    31.49   31.60   -0.11     0.11
   31      254     145     0   4  -2    -0.00    4.01   -2.01     0.00   -0.01    0.01    18.66   18.59    0.06   -12.09  -12.14    0.06   292.14  292.13    0.01     0.02
   32      253     343     0   4   2    -0.00    4.01    2.00     0.00   -0.01   -0.00    18.66   18.59    0.06    10.62   10.60    0.02   242.96  242.91    0.04     0.04
   33      228     284     2  -4   0     2.00   -4.00   -0.00     0.00   -0.00    0.00    18.59   18.59   -0.01     3.91    3.92   -0.01    97.99   98.01   -0.02     0.02
   34      251      15     2   4   0     2.00    4.02   -0.00     0.00   -0.02    0.00    18.64   18.59    0.05   -26.44  -26.57    0.13   257.50  257.41    0.09     0.14
   35      308     414    -2   2  -4    -2.00    2.01   -4.01     0.00   -0.01    0.01    20.44   20.39    0.05    18.69   18.68    0.01   335.07  335.10   -0.03     0.04
   36      310     379    -2   4  -2    -2.00    4.01   -2.00     0.00   -0.01    0.00    20.44   20.39    0.05    14.90   14.90    0.00   300.52  300.55   -0.03     0.04
   37      284     357     2  -4  -2     2.00   -4.00   -2.01     0.00   -0.00    0.01    20.39   20.39    0.00    11.88   11.88   -0.00    75.24   75.33   -0.09     0.08
   38      286     172     2  -4   2     2.00   -4.00    2.00     0.00    0.00   -0.00    20.39   20.39    0.01    -8.75   -8.69   -0.06   120.59  120.55    0.04     0.06
   39      298       2     2  -2   4     2.01   -1.99    4.01    -0.01   -0.01   -0.01    20.41   20.39    0.03   -27.47  -27.58    0.11   155.21  155.10    0.11     0.14
   40      307     335     2   2   4     2.00    2.01    4.01     0.00   -0.01   -0.01    20.43   20.39    0.05     9.19    9.00    0.19   199.52  199.43    0.10     0.13
   41      312     128     2   4   2     1.99    4.02    2.00     0.01   -0.02   -0.00    20.44   20.39    0.06   -13.70  -13.87    0.17   234.61  234.53    0.08     0.15
   42      365     200    -1  -1  -5    -1.00   -1.00   -5.01     0.00   -0.00    0.01    21.69   21.64    0.05    -5.98   -5.81   -0.17     9.82    9.91   -0.09     0.06
   43      367     123    -1   1  -5    -1.00    1.01   -5.01     0.00   -0.01    0.01    21.70   21.64    0.06   -14.64  -14.81    0.16   345.47  345.48   -0.02     0.05
   44      370     302    -1   5  -1    -1.00    5.02   -1.00     0.00   -0.02    0.00    21.70   21.64    0.07     5.83    5.79    0.04   282.39  282.39   -0.00     0.01
   45      369     375    -1   5   1    -1.00    5.02    1.00     0.00   -0.02   -0.00    21.70   21.64    0.07    14.52   14.52    0.01   261.64  261.65   -0.01     0.03
   46      348     183     1  -5  -1     0.99   -5.00   -1.00     0.01    0.00    0.00    21.65   21.64    0.02    -7.42   -7.35   -0.08    81.63   81.65   -0.03     0.07
   47      347     100     1  -5   1     1.00   -5.00    1.00    -0.00    0.00   -0.00    21.65   21.64    0.02   -16.36  -16.35   -0.01   102.42  102.39    0.03     0.03
   48      371     117     1   5  -1     0.99    5.02   -1.00     0.01   -0.02    0.00    21.71   21.64    0.07   -14.91  -15.04    0.13   273.51  273.45    0.06     0.11
   49      372     198     1   5   1     0.99    5.02    1.00     0.01   -0.02   -0.00    21.71   21.64    0.07    -5.81   -5.94    0.13   252.62  252.57    0.05     0.11
   50      342     233     3  -3   3     3.00   -3.00    3.01     0.00   -0.00   -0.01    21.64   21.64    0.00    -0.91   -0.81   -0.11   138.31  138.23    0.08     0.10
   51      363      42     3   3   3     3.00    3.01    3.00     0.00   -0.01   -0.00    21.68   21.64    0.04   -22.60  -22.76    0.16   217.25  217.18    0.08     0.13
   52      397     204     0  -4  -4    -0.00   -4.00   -4.01     0.00    0.00    0.01    23.62   23.58    0.04    -5.05   -5.03   -0.02    45.95   46.01   -0.07     0.07
   53      403     491     0   4   4     0.00    4.02    4.01    -0.00   -0.02   -0.01    23.66   23.58    0.07    27.30   27.33   -0.03   226.05  226.01    0.03     0.07
   54      404     104     0   4  -4    -0.00    4.01   -4.01     0.00   -0.01    0.01    23.66   23.58    0.07   -16.84  -16.93    0.09   309.21  309.18    0.02     0.04
   55      386     410     4  -4   0     3.99   -4.00   -0.00     0.01   -0.00    0.00    23.56   23.58   -0.03    18.71   18.74   -0.02   104.65  104.68   -0.03     0.05
   56      481     488    -3   5  -1    -3.00    5.01   -1.00    -0.00   -0.01    0.00    24.73   24.68    0.05    26.67   26.73   -0.06   288.98  289.02   -0.04     0.09
   57      472      41    -1  -5  -3    -1.00   -5.01   -3.01    -0.00    0.01    0.01    24.71   24.68    0.03   -23.15  -23.15    0.01    54.37   54.39   -0.02     0.02
   58      483     113    -1  -3  -5    -1.00   -3.00   -5.01     0.00    0.00    0.01    24.73   24.68    0.05   -15.64  -15.62   -0.03    27.70   27.76   -0.06     0.05
   59      488     185    -1   3  -5    -1.00    3.01   -5.01     0.00   -0.01    0.01    24.75   24.68    0.07    -7.36   -7.41    0.05   327.12  327.13   -0.01     0.02
   60      492     250    -1   5  -3    -1.01    5.02   -3.01     0.01   -0.02    0.01    24.75   24.68    0.07     0.18    0.08    0.09   300.48  300.48   -0.00     0.04
   61      491     475    -1   5   3    -1.00    5.02    3.01    -0.00   -0.02   -0.01    24.75   24.68    0.07    25.78   25.78   -0.00   243.51  243.52   -0.01     0.04
   62      467     229     1  -5  -3     0.99   -5.00   -3.01     0.01    0.00    0.01    24.71   24.68    0.03    -1.76   -1.69   -0.07    63.45   63.52   -0.07     0.08
   63      478     386     1  -3  -5     0.99   -3.00   -5.01     0.01    0.00    0.01    24.72   24.68    0.04    16.20   16.30   -0.10    41.41   41.54   -0.12     0.11
   64      493      61     1   5  -3     1.00    5.01   -3.01     0.00   -0.01    0.01    24.76   24.68    0.07   -20.28  -20.37    0.09   291.82  291.76    0.05     0.06
   65      489     313     1   5   3     1.00    5.02    3.00     0.00   -0.02   -0.00    24.75   24.68    0.07     7.04    6.97    0.07   234.45  234.39    0.06     0.07
   66      439     329     3  -5  -1     2.99   -5.00   -1.00     0.01    0.00    0.00    24.68   24.68   -0.00     8.56    8.64   -0.08    90.42   90.47   -0.05     0.10
   67      443     251     3  -5   1     3.00   -5.00    1.00     0.00    0.00   -0.00    24.68   24.68    0.00     0.63    0.67   -0.04   109.03  109.02    0.01     0.04
   68      484      35     3   5   1     2.99    5.02    1.00     0.01   -0.02    0.00    24.73   24.68    0.05   -23.32  -23.50    0.18   246.45  246.36    0.09     0.17

Grain    5, 40
  74   40   40    0
 0.2030      0.000   0.000   0.000     0.000
0.920474631 0.241295521 0.307413281
0.015402833 -0.808409678 0.588418682
0.390498664 -0.536889433 -0.747837235

3.681898523 0.061611332 1.561994657
0.965182085 -3.233638713 -2.147557733
1.229653124 2.353674727 -2.991348939

3.089572978 0.228113839 0.620196314

-27.584353734 221.596621801 -36.029720093

0.301756408 0.932298443 -0.068834813 0.187148212

    1       22       1    -1  -1   1    -1.00   -1.01    1.01    -0.00    0.01   -0.01     7.22    7.17    0.04   -27.60  -27.91    0.31   249.91  249.64    0.27     0.38
    2       33     144     0  -2   0    -0.00   -2.02    0.01     0.00    0.02   -0.01     8.38    8.29    0.09   -11.62  -11.71    0.09   302.34  302.57   -0.23     0.23
    3       24     440     0   0  -2     0.00   -0.01   -1.99    -0.00    0.01   -0.01     8.25    8.29   -0.04    21.50   21.34    0.17    41.18   41.43   -0.24     0.27
    4       32      49     0   2   0    -0.00    2.01   -0.00     0.00   -0.01    0.00     8.34    8.29    0.05   -21.48  -21.53    0.06   122.56  122.57   -0.01     0.07
    5      119      91    -1  -3   1    -1.00   -3.03    1.00     0.00    0.03   -0.00    13.88   13.76    0.12   -17.00  -17.08    0.08   278.38  278.25    0.13     0.13
    6       65     468    -1   1  -3    -0.99    1.00   -2.99    -0.01    0.00   -0.01    13.70   13.76   -0.06    24.25   24.24    0.01    66.43   66.44   -0.01     0.02
    7      115     106    -1   3   1    -1.00    3.02    0.99    -0.00   -0.02    0.01    13.84   13.76    0.07   -15.88  -15.79   -0.09   146.34  146.60   -0.26     0.27
    8      117     333     1  -3  -1     1.00   -3.03   -0.98    -0.00    0.03   -0.02    13.87   13.76    0.10     8.89    8.94   -0.06   326.15  326.60   -0.45     0.45
    9       70     164     1  -1  -3     1.00   -1.02   -2.99     0.00    0.02   -0.01    13.73   13.76   -0.03    -9.63   -9.65    0.01    15.18   15.63   -0.45     0.45
   10      143      29    -2  -2   2    -2.00   -2.02    2.00    -0.00    0.02   -0.00    14.42   14.38    0.05   -23.93  -24.07    0.13   249.76  249.51    0.24     0.27
   11      131     496    -2   2  -2    -2.00    2.00   -2.00     0.00   -0.00   -0.00    14.38   14.38    0.00    27.75   27.71    0.04    96.04   96.00    0.05     0.06
   12      145     380     0   0  -4    -0.00   -0.02   -3.99     0.00    0.02   -0.01    16.56   16.62   -0.06    15.24   15.01    0.22    40.72   40.91   -0.19     0.24
   13      151       5     0   4   0     0.01    4.03    0.00    -0.01   -0.03   -0.00    16.75   16.62    0.13   -26.75  -26.48   -0.27   122.79  122.86   -0.07     0.18
   14      172       3    -3  -1   3    -3.00   -1.01    3.00    -0.00    0.01    0.00    18.11   18.12   -0.01   -27.28  -27.36    0.07   228.11  228.04    0.07     0.10
   15      184     479    -3   3  -1    -2.98    3.02   -1.00    -0.02   -0.02    0.00    18.13   18.12    0.01    26.75   27.21   -0.46   118.25  118.20    0.04     0.40
   16      203     478    -3   3   1    -2.99    3.03    0.99    -0.01   -0.03    0.01    18.17   18.12    0.05    26.36   27.01   -0.65   145.05  145.09   -0.04     0.37
   17      210     235    -1  -3   3    -1.00   -3.02    3.00     0.00    0.02   -0.00    18.19   18.12    0.07    -0.52   -0.49   -0.03   256.45  256.25    0.20     0.21
   18      181     295    -1   3  -3    -1.00    3.01   -2.99     0.00   -0.01   -0.01    18.13   18.12    0.01     5.75    5.82   -0.07    86.94   86.77    0.16     0.18
   19      204     220     1  -3  -3     1.00   -3.04   -2.98     0.00    0.04   -0.02    18.17   18.12    0.05    -3.11   -3.24    0.12   349.91  350.44   -0.52     0.54
   20      207     463     1  -3   3     1.01   -3.02    3.00    -0.01    0.02   -0.00    18.18   18.12    0.06    23.99   23.97    0.02   266.95  266.77    0.17     0.17
   21      191      70     1   3  -3     0.99    3.01   -3.00     0.01   -0.01    0.00    18.14   18.12    0.02   -19.00  -19.14    0.14    76.41   76.25    0.16     0.21
   22      259     285     0  -4   2    -0.01   -4.03    2.00     0.01    0.03   -0.00    18.72   18.59    0.12     4.75    4.86   -0.11   278.57  278.49    0.08     0.18
   23      234     429     0  -2   4     0.01   -2.01    4.00    -0.01    0.01    0.00    18.60   18.59    0.01    20.96   20.96    0.01   244.39  244.25    0.14     0.14
   24      216     248     0   2  -4     0.00    2.00   -3.99    -0.00   -0.00   -0.01    18.56   18.59   -0.04     0.29    0.35   -0.07    64.31   64.25    0.07     0.11
   25      257     119     0   4  -2    -0.00    4.02   -2.00     0.00   -0.02    0.00    18.69   18.59    0.10   -13.99  -13.94   -0.05    98.59   98.49    0.09     0.09
   26      313     314    -2   4  -2    -2.00    4.02   -2.00     0.00   -0.02   -0.00    20.46   20.39    0.07     7.75    7.89   -0.14   107.39  107.29    0.10     0.13
   27      314      87    -2   4   2    -2.00    4.03    1.99    -0.00   -0.03    0.01    20.47   20.39    0.08   -17.33  -17.21   -0.12   156.29  156.57   -0.29     0.30
   28      268       0     2   2  -4     2.00    2.00   -3.99     0.00    0.00   -0.01    20.35   20.39   -0.03   -27.75  -27.76    0.01    55.99   55.97    0.02     0.02
   29      380      44    -1  -5  -1    -1.02   -5.05   -0.99     0.02    0.05   -0.01    21.83   21.64    0.19   -21.75  -21.91    0.16   306.37  306.58   -0.21     0.23
   30      328     422    -1  -1   5    -1.00   -1.00    4.99    -0.00    0.00    0.01    21.60   21.64   -0.04    20.75   20.80   -0.05   225.31  225.26    0.05     0.05
   31      375     141    -1   5  -1    -1.01    5.03   -1.01     0.01   -0.03    0.01    21.77   21.64    0.13   -11.81  -11.85    0.04   117.11  117.13   -0.02     0.10
   32      376      14    -1   5   1    -1.01    5.04    0.99     0.01   -0.04    0.01    21.79   21.64    0.15   -25.75  -25.80    0.05   138.30  138.50   -0.21     0.23
   33      379     306     1  -5  -1     1.00   -5.05   -0.98    -0.00    0.05   -0.02    21.83   21.64    0.19     6.51    6.38    0.13   318.19  318.50   -0.32     0.33
   34      377     359     1  -5   1     1.01   -5.04    1.02    -0.01    0.04   -0.02    21.81   21.64    0.18    12.48   12.38    0.10   297.05  297.13   -0.08     0.09
   35      324     216     1  -1  -5     1.00   -1.03   -4.98    -0.00    0.03   -0.02    21.58   21.64   -0.06    -3.12   -3.22    0.10    23.57   23.89   -0.32     0.33
   36      321     161     1   1  -5     1.01    0.99   -4.98    -0.01    0.01   -0.02    21.57   21.64   -0.07    -9.44   -9.32   -0.11    45.19   45.26   -0.06     0.12
   37      384       9    -4   0   4    -3.99    0.00    4.00    -0.01   -0.00    0.00    23.55   23.58   -0.03   -26.82  -26.79   -0.03   214.67  214.69   -0.01     0.02
   38      401     458    -4   4   0    -4.01    4.01   -0.00     0.01   -0.01    0.00    23.63   23.58    0.05    23.75   23.80   -0.05   132.04  132.06   -0.02     0.03
   39      500      16    -3  -5   1    -2.99   -5.05    1.02    -0.01    0.05   -0.02    24.85   24.68    0.17   -25.75  -26.16    0.41   277.69  277.61    0.09     0.33
   40      418     208    -3  -1   5    -3.00   -1.00    4.99     0.00   -0.00    0.01    24.64   24.68   -0.04    -3.25   -3.08   -0.17   220.85  220.82    0.03     0.09

Grain    6, 26
  68   26   26    0
 0.0871      0.000   0.000   0.000     0.000
0.022438947 -0.997805483 0.062295365
-0.971964323 -0.036360858 -0.232299899
0.234055225 -0.055336308 -0.970647230

0.089755790 -3.887857292 0.936220902
-3.991221930 -0.145443432 -0.221345230
0.249181462 -0.929199595 -3.882588919

-11.468161453 11.130932596 -1.674641597

15.011688539 166.083492631 103.301853959

0.062110506 -0.712293309 -0.691347855 -0.104012837

    1       41     281    -2   0  -2    -2.00   -0.00   -2.00    -0.00    0.00   -0.00    11.71   11.73   -0.02     2.84    2.85   -0.01   301.55  301.57   -0.03     0.03
    2       34     156     2   0   2     1.98    0.00    1.99     0.02   -0.00    0.01    11.66   11.73   -0.07   -10.87  -10.90    0.03   121.69  121.57    0.12     0.12
    3       99     494    -3  -1   1    -3.01   -0.98    1.00     0.01   -0.02    0.00    13.79   13.76    0.03    27.54   27.94   -0.40   240.56  240.58   -0.01     0.36
    4       73     137    -3   1  -1    -3.00    1.00   -0.99    -0.00    0.00   -0.01    13.74   13.76   -0.02   -13.03  -13.02   -0.01   273.65  273.71   -0.07     0.06
    5       67     370     1   1   3     0.99    0.99    2.99     0.01    0.01    0.01    13.71   13.76   -0.05    12.66   12.60    0.06   146.28  146.11    0.17     0.18
    6       63      19     3  -1   1     2.98   -0.99    0.99     0.02   -0.01    0.01    13.69   13.76   -0.08   -26.76  -26.81    0.06    93.66   93.71   -0.05     0.05
    7       74     367     3   1  -1     2.99    0.99   -1.01     0.01    0.01    0.01    13.74   13.76   -0.02    12.12   12.16   -0.04    60.45   60.58   -0.13     0.13
    8      241     369    -4   0   2    -4.01   -0.00    2.00     0.01    0.00   -0.00    18.62   18.59    0.03    12.81   12.77    0.04   229.31  229.31    0.01     0.01
    9      218      81    -4   2   0    -3.99    2.00    0.00    -0.01    0.00   -0.00    18.57   18.59   -0.03   -19.10  -19.10   -0.00   256.22  256.28   -0.06     0.06
   10      224     154     4   0  -2     3.99    0.00   -2.01     0.01   -0.00    0.01    18.58   18.59   -0.01   -11.59  -11.60    0.01    49.20   49.31   -0.11     0.11
   11      265      26    -2   2  -4    -1.99    2.00   -3.99    -0.01    0.00   -0.01    20.34   20.39   -0.05   -25.52  -25.40   -0.12   313.33  313.25    0.08     0.11
   12      263     356     4   2   2     3.99    1.99    1.99     0.01    0.01    0.01    20.31   20.39   -0.07    11.48   11.45    0.03   103.32  103.38   -0.06     0.06
   13      332     431    -5  -1  -1    -5.00   -1.00   -0.99    -0.00   -0.00   -0.01    21.62   21.64   -0.02    19.94   19.94   -0.01   268.28  268.38   -0.10     0.10
   14      327     178    -1   1  -5    -0.99    1.00   -4.99    -0.01    0.00   -0.01    21.60   21.64   -0.04    -9.37   -9.30   -0.07   333.51  333.41    0.10     0.11
   15      318     472     3   3   3     2.99    2.99    2.99     0.01    0.01    0.01    21.56   21.64   -0.08    24.19   24.17    0.02   117.73  117.74   -0.01     0.02
   16      322     238     5   1   1     4.99    1.00    0.99     0.01    0.00    0.01    21.57   21.64   -0.07    -1.67   -1.70    0.03    88.28   88.38   -0.10     0.10
   17      382     347    -4   0  -4    -3.99   -0.00   -3.99    -0.01    0.00   -0.01    23.52   23.58   -0.07     9.79    9.83   -0.03   302.14  302.15   -0.01     0.01
   18      381      95     4   0   4     3.98    0.00    3.99     0.02   -0.00    0.01    23.48   23.58   -0.11   -17.81  -17.88    0.07   122.21  122.15    0.06     0.07
   19      411     246    -5   1  -3    -4.99    1.00   -2.99    -0.01    0.00   -0.01    24.61   24.68   -0.07    -0.37   -0.34   -0.03   286.93  286.96   -0.03     0.03
   20      456     299    -5   1   3    -5.00    1.00    3.00     0.00    0.00   -0.00    24.70   24.68    0.02     4.87    4.79    0.08   224.28  224.28   -0.00     0.05
   21      417      65    -5   3   1    -4.99    2.99    1.00    -0.01    0.01   -0.00    24.64   24.68   -0.04   -20.54  -20.54   -0.00   246.41  246.47   -0.06     0.06
   22      413     500    -3  -1  -5    -2.99   -1.00   -4.99    -0.01   -0.00   -0.01    24.62   24.68   -0.06    26.24   26.25   -0.01   316.72  316.70    0.01     0.02
   23      449     415    -3   1   5    -3.01    0.99    5.00     0.01    0.01    0.00    24.69   24.68    0.01    18.76   18.69    0.08   194.00  193.88    0.12     0.13
   24      409     171     3   1   5     2.98    1.00    4.99     0.02    0.00    0.01    24.59   24.68   -0.10    -9.08   -9.14    0.06   136.81  136.70    0.11     0.11
   25      407      21     5  -1   3     4.98   -1.00    2.99     0.02   -0.00    0.01    24.56   24.68   -0.12   -26.05  -26.10    0.06   106.97  106.96    0.00     0.01
   26      428     420     5   3  -1     5.00    2.99   -1.01     0.00    0.01    0.01    24.66   24.68   -0.02    18.68   18.75   -0.07    69.89   70.02   -0.13     0.15

Grain    7, 26
  66   26   26    0
 0.0528      0.000   0.000   0.000     0.000
-0.594645509 0.690936396 0.411100493
0.486672421 0.716344140 -0.500001028
-0.639958337 -0.097252094 -0.762230514

-2.378582037 1.946689683 -2.559833348
2.763745583 2.865376561 -0.389008374
1.644401972 -2.000004110 -3.048922058

-1.120402382 -2.923927830 0.568239478

39.427018462 139.661231665 261.359085312

0.299778300 -0.335872321 0.876530114 0.170345865

    1       38     228    -2  -2   0    -2.00   -1.99   -0.00    -0.00   -0.01    0.00    11.70   11.73   -0.03    -2.29   -2.30    0.01    58.33   58.40   -0.07     0.07
    2       52     355     2   2   0     2.00    2.01   -0.00    -0.00   -0.01    0.00    11.75   11.73    0.02    11.47   11.45    0.01   238.48  238.40    0.08     0.08
    3       36     315     0  -2   2     0.00   -1.99    2.00    -0.00   -0.01    0.00    11.70   11.73   -0.03     6.31    6.31   -0.00   118.25  118.21    0.04     0.05
    4       50     432     0   2  -2     0.00    2.00   -2.00    -0.00   -0.00    0.00    11.75   11.73    0.02    19.59   19.60   -0.01   298.12  298.21   -0.09     0.09
    5      101     121     1   1  -3     1.00    1.00   -3.01    -0.00   -0.00    0.01    13.79   13.76    0.03   -15.01  -15.03    0.01   298.02  298.07   -0.05     0.05
    6       94      53     3   1  -1     3.00    1.00   -1.01    -0.00   -0.00    0.01    13.79   13.76    0.02   -21.87  -21.90    0.03   247.71  247.60    0.11     0.11
    7      274      28    -4  -2  -2    -3.99   -2.00   -2.00    -0.01   -0.00    0.00    20.36   20.39   -0.02   -25.45  -25.50    0.05    27.39   27.45   -0.06     0.06
    8      270     237    -2  -4   2    -2.00   -3.99    2.00    -0.00   -0.01    0.00    20.35   20.39   -0.03    -1.36   -1.36    0.00    88.27   88.28   -0.01     0.02
    9      271     266     2  -2   4     2.00   -1.99    4.00    -0.00   -0.01    0.00    20.36   20.39   -0.03     1.38    1.39   -0.00   149.09  149.03    0.06     0.06
   10      294     418     2   4  -2     2.00    4.00   -2.00    -0.00   -0.00    0.00    20.41   20.39    0.02    19.04   19.03    0.01   268.28  268.28   -0.00     0.00
   11      283     400     4   2   2     4.00    2.01    2.00     0.00   -0.01    0.00    20.39   20.39    0.00    17.13   17.11    0.01   207.53  207.45    0.08     0.09
   12      331     376    -3  -3  -3    -3.00   -2.99   -3.00    -0.00   -0.01    0.00    21.62   21.64   -0.02    13.85   13.79    0.05    28.11   28.19   -0.08     0.09
   13      330      54    -3  -3   3    -3.00   -2.99    3.00    -0.00   -0.01    0.00    21.62   21.64   -0.02   -21.31  -21.29   -0.01    90.86   90.84    0.02     0.03
   14      325     401    -1  -5   1    -1.00   -4.99    0.99    -0.00   -0.01    0.01    21.60   21.64   -0.04    17.38   17.35    0.03    85.87   85.91   -0.04     0.04
   15      346     298    -1   1  -5    -0.99    1.00   -5.00    -0.01   -0.00    0.00    21.65   21.64    0.01     4.34    4.36   -0.03   328.46  328.55   -0.08     0.08
   16      353     256     3   3  -3     3.00    3.00   -3.00    -0.00   -0.00    0.00    21.67   21.64    0.03     0.35    0.35    0.00   270.86  270.84    0.02     0.01
   17      341      94     5   1   1     5.00    1.00    0.99    -0.00   -0.00    0.01    21.64   21.64    0.00   -17.71  -17.73    0.02   217.41  217.31    0.10     0.10
   18      385     169    -4  -4   0    -4.00   -3.99   -0.00    -0.00   -0.01    0.00    23.56   23.58   -0.03    -9.27   -9.28    0.01    57.79   57.82   -0.03     0.03
   19      392     412     4   4   0     4.00    4.00   -0.00    -0.00   -0.00    0.00    23.60   23.58    0.01    18.44   18.43    0.01   237.86  237.82    0.04     0.04
   20      383     242     0  -4   4     0.00   -3.99    4.00    -0.00   -0.01    0.00    23.55   23.58   -0.03    -0.44   -0.43   -0.00   118.73  118.71    0.02     0.03
   21      390     497     0   4  -4     0.00    4.00   -4.00    -0.00   -0.00   -0.00    23.59   23.58    0.01    26.33   26.34   -0.01   298.66  298.71   -0.05     0.05
   22      422     349    -3  -5  -1    -3.00   -4.99   -1.00    -0.00   -0.01    0.00    24.65   24.68   -0.03     9.99    9.97    0.02    56.70   56.76   -0.06     0.06
   23      432      63    -1  -3   5    -1.00   -3.00    5.00    -0.00   -0.00    0.00    24.66   24.68   -0.02   -20.59  -20.58   -0.01   119.91  119.88    0.03     0.03
   24      415     408     1  -5   3     1.00   -4.99    2.99     0.00   -0.01    0.01    24.63   24.68   -0.05    17.95   17.93    0.02   114.98  114.98   -0.00     0.00
   25      463     323     1   3  -5     1.01    3.00   -5.00    -0.01   -0.00    0.00    24.70   24.68    0.02     7.73    7.75   -0.01   299.84  299.88   -0.04     0.04
   26      455     241     5   3  -1     5.00    3.00   -1.01    -0.00   -0.00    0.01    24.70   24.68    0.02    -0.51   -0.53    0.02   241.88  241.82    0.06     0.06

Grain    8, 29
  71   29   29    0
 0.0939      0.000   0.000   0.000     0.000
0.435668581 0.599559299 0.671357978
0.862608709 -0.491149358 -0.121154957
0.257097459 0.631902647 -0.731163416

1.742674322 3.450434835 1.028389835
2.398237196 -1.964597432 2.527610587
2.685431913 -0.484619828 -2.924653666

-3.529585707 -1.941641649 -1.232914232

79.770359208 136.984016229 22.139561743

0.230952271 -0.815165835 0.448426549 -0.284744342

    1       51      46    -2   0   2    -2.00   -0.00    2.00     0.00    0.00   -0.00    11.75   11.73    0.02   -21.69  -21.69   -0.00   134.64  134.63    0.01     0.01
    2       45     133    -2   2   0    -2.00    2.00    0.00    -0.00   -0.00   -0.00    11.73   11.73    0.00   -13.08  -12.99   -0.09    74.60   74.55    0.05     0.10
    3       46     149     0   2  -2     0.01    2.00   -2.00    -0.01    0.00    0.00    11.73   11.73    0.00   -11.62  -11.56   -0.06    14.18   14.33   -0.15     0.14
    4       61     236     2  -2   0     2.01   -2.01   -0.01    -0.01    0.01    0.01    11.79   11.73    0.06    -0.81   -0.82    0.01   254.67  254.55    0.12     0.12
    5       60     202     2   0  -2     2.01   -0.01   -2.01    -0.01    0.01    0.01    11.79   11.73    0.06    -5.27   -5.26   -0.01   314.44  314.63   -0.19     0.19
    6       89     425    -3  -1   1    -3.00   -1.00    1.00    -0.00    0.00   -0.00    13.76   13.76    0.00    20.10   20.11   -0.01   130.47  130.41    0.06     0.06
    7       76     402    -3   1  -1    -3.00    1.00   -1.00    -0.00    0.00    0.00    13.75   13.76   -0.01    18.04   18.00    0.05    79.64   79.65   -0.01     0.04
    8      311      59    -4   2   2    -4.01    2.00    2.01     0.01   -0.00   -0.01    20.44   20.39    0.05   -20.26  -20.23   -0.03   104.77  104.74    0.02     0.02
    9      287      86    -2   4  -2    -2.00    4.00   -2.00    -0.00   -0.00   -0.00    20.39   20.39    0.01   -17.69  -17.60   -0.09    43.87   43.87   -0.01     0.06
   10      305     351     2  -4   2     2.01   -4.00    2.00    -0.01    0.00   -0.00    20.43   20.39    0.04    11.57   11.49    0.08   223.99  223.87    0.12     0.13
   11      304     364     2   2  -4     2.01    1.99   -4.01    -0.01    0.01    0.01    20.43   20.39    0.04    12.47   12.55   -0.08   347.07  347.24   -0.18     0.17
   12      316     253     4  -2  -2     4.03   -2.01   -2.00    -0.03    0.01    0.00    20.49   20.39    0.11     0.99    0.83    0.16   284.72  284.74   -0.02     0.10
   13      357     234    -5   1   1    -5.01    1.00    1.01     0.01   -0.00   -0.01    21.67   21.64    0.03    -0.86   -0.79   -0.07   105.77  105.74    0.03     0.06
   14      351     287    -3  -3   3    -3.00   -3.01    3.00     0.00    0.01   -0.00    21.66   21.64    0.02     4.36    4.39   -0.03   162.29  162.24    0.05     0.04
   15      335     324    -3   3  -3    -3.00    3.00   -3.00    -0.00    0.00    0.00    21.63   21.64   -0.01     8.27    8.26    0.01    49.42   49.45   -0.03     0.04
   16      368     107     1  -5   1     1.01   -5.01    0.99    -0.01    0.01    0.01    21.70   21.64    0.06   -15.33  -15.38    0.05   224.77  224.61    0.16     0.16
   17      374      77     3  -3  -3     3.01   -3.02   -3.02    -0.01    0.02    0.02    21.77   21.64    0.13   -18.50  -18.46   -0.04   282.07  282.09   -0.02     0.10
   18      373     439     5  -1  -1     5.02   -1.01   -1.01    -0.02    0.01    0.01    21.72   21.64    0.08    21.66   21.67   -0.01   285.73  285.74   -0.01     0.05
   19      396      71    -4   4   0    -4.01    4.00   -0.00     0.01    0.00    0.00    23.62   23.58    0.03   -19.04  -19.14    0.10    74.34   74.29    0.05     0.12
   20      405     294     4  -4   0     4.01   -4.02   -0.01    -0.01    0.02    0.01    23.67   23.58    0.09     5.26    5.33   -0.07   254.38  254.29    0.09     0.14
   21      406     278     4   0  -4     4.02   -0.01   -4.01    -0.02    0.01    0.01    23.68   23.58    0.10     3.14    3.13    0.01   315.44  315.55   -0.11     0.12
   22      476     187    -5  -1   3    -5.01   -1.00    3.01     0.01    0.00   -0.01    24.72   24.68    0.04    -6.99   -6.95   -0.05   135.36  135.34    0.02     0.00
   23      461     224    -5   3  -1    -5.01    3.00   -1.00     0.01   -0.00   -0.00    24.70   24.68    0.02    -2.20   -2.17   -0.04    76.61   76.58    0.03     0.04
   24      471     186    -1  -5   3    -1.00   -5.01    3.00    -0.00    0.01    0.00    24.71   24.68    0.03    -6.86   -6.78   -0.08   194.00  193.90    0.10     0.08
   25      450     433    -1   3  -5    -0.99    3.00   -5.01    -0.01    0.00    0.01    24.69   24.68    0.01    20.50   20.43    0.07    23.54   23.64   -0.09     0.11
   26      496     142     3  -5  -1     3.02   -5.01   -1.01    -0.02    0.01    0.01    24.79   24.68    0.11   -11.59  -11.71    0.12   253.46  253.34    0.12     0.14
   27      495      74     3  -1  -5     3.03   -1.01   -5.01    -0.03    0.01    0.01    24.79   24.68    0.11   -19.31  -19.54    0.23   310.92  311.05   -0.13     0.20
   28      486     459     5  -3   1     5.02   -3.01    1.00    -0.02    0.01    0.00    24.75   24.68    0.07    23.19   23.19    0.01   256.64  256.58    0.06     0.07
   29      494     499     5   1  -3     5.02    0.99   -3.01    -0.02    0.01    0.01    24.76   24.68    0.08    27.55   27.63   -0.08   315.28  315.34   -0.06     0.11

Grain    9, 43
  72   43   43    0
 0.0913      0.000   0.000   0.000     0.000
-0.537885698 -0.702325569 -0.466280785
-0.658366459 0.695422205 -0.287995770
0.526528805 0.152074824 -0.836445256

-2.151542791 -2.633465835 2.106115219
-2.809302278 2.781688818 0.608299295
-1.865123142 -1.151983080 -3.345781022

-1.370546821 3.091985803 -0.136905352

-58.298675798 146.766629356 73.889946184

0.283324571 -0.388309591 -0.876035553 -0.038788650

    1       23     373    -1   1  -1    -1.01    1.01   -1.00     0.01   -0.01    0.00     7.22    7.17    0.04    14.12   14.14   -0.02   285.44  285.50   -0.06     0.07
    2       20      22    -1   1   1    -1.00    1.01    1.00     0.00   -0.01   -0.00     7.21    7.17    0.03   -25.56  -25.60    0.03   225.75  225.53    0.22     0.22
    3        8     310     1  -1   1     1.00   -1.00    1.00     0.00    0.00    0.00     7.16    7.17   -0.01     6.63    6.70   -0.07   105.57  105.50    0.07     0.10
    4      103     424    -3   1   1    -3.01    1.00    1.00     0.01   -0.00    0.00    13.79   13.76    0.03    20.04   20.02    0.02   226.66  226.56    0.10     0.10
    5       90     108    -1  -1   3    -1.00   -1.00    3.00     0.00   -0.00   -0.00    13.78   13.76    0.01   -15.79  -15.76   -0.03   165.56  165.51    0.05     0.05
    6      116     134    -1   3  -1    -1.01    3.02   -1.01     0.01   -0.02    0.01    13.85   13.76    0.09   -12.84  -12.91    0.07   283.41  283.45   -0.05     0.06
    7      104       6     1  -3   1     1.00   -3.01    1.00    -0.00    0.01   -0.00    13.80   13.76    0.04   -27.01  -27.06    0.05   103.46  103.45    0.01     0.06
    8       78     258     3  -1  -1     3.00   -1.00   -1.00     0.00   -0.00    0.00    13.75   13.76   -0.01     1.10    1.14   -0.05    46.49   46.56   -0.07     0.08
    9      144     395    -2   2  -2    -2.01    2.01   -2.00     0.01   -0.01    0.00    14.44   14.38    0.06    17.82   17.88   -0.06   285.55  285.60   -0.05     0.10
   10      142      57    -2   2   2    -2.00    2.01    2.00     0.00   -0.01   -0.00    14.42   14.38    0.05   -20.53  -20.54    0.01   225.36  225.20    0.16     0.16
   11      133     277     2  -2   2     2.00   -2.00    2.00    -0.00   -0.00   -0.00    14.38   14.38    0.01     2.99    2.96    0.03   105.61  105.60    0.01     0.03
   12      196     307    -3   1   3    -3.01    1.01    3.00     0.01   -0.01   -0.00    18.15   18.12    0.03     6.41    6.42   -0.01   203.95  203.85    0.09     0.09
   13      211     327    -3   3  -1    -3.01    3.02   -1.01     0.01   -0.02    0.01    18.20   18.12    0.08     8.73    8.72    0.00   266.24  266.18    0.06     0.07
   14      208     205    -3   3   1    -3.01    3.02    1.00     0.01   -0.02    0.00    18.19   18.12    0.07    -4.18   -4.11   -0.06   243.04  242.92    0.12     0.15
   15      212     322    -1   3  -3    -1.01    3.02   -3.01     0.01   -0.02    0.01    18.20   18.12    0.08     8.21    8.25   -0.04   304.43  304.51   -0.08     0.11
   16      201     125     1  -3   3     1.00   -3.01    3.01     0.00    0.01   -0.01    18.16   18.12    0.04   -13.75  -13.65   -0.10   124.54  124.51    0.02     0.06
   17      209     132     1   3  -3     0.99    3.02   -3.01     0.01   -0.02    0.01    18.19   18.12    0.07   -13.24  -13.28    0.04   324.04  324.22   -0.18     0.19
   18      192      31     3  -3  -1     3.00   -3.01   -1.00    -0.00    0.01    0.00    18.14   18.12    0.02   -24.47  -24.42   -0.04    62.95   62.92    0.04     0.05
   19      194     163     3  -3   1     3.01   -3.00    1.01    -0.01    0.00   -0.01    18.14   18.12    0.03    -9.40   -9.44    0.04    86.21   86.18    0.03     0.06
   20      173     466     3  -1   3     3.00   -1.00    3.00     0.00   -0.00   -0.00    18.11   18.12   -0.01    23.86   23.81    0.04   104.61  104.56    0.05     0.06
   21      185     462     3   1  -3     2.99    1.01   -3.01     0.01   -0.01    0.01    18.13   18.12    0.01    22.90   22.65    0.25     9.74    9.86   -0.12     0.16
   22      250     430    -4   2   0    -4.01    2.01   -0.00     0.01   -0.01    0.00    18.64   18.59    0.05    20.70   20.68    0.02   245.95  245.90    0.05     0.05
   23      238     118    -2   0   4    -2.00    0.00    4.00     0.00   -0.00   -0.00    18.62   18.59    0.02   -14.64  -14.57   -0.07   184.73  184.65    0.08     0.07
   24      255     126    -2   4   0    -2.01    4.02   -0.01     0.01   -0.02    0.01    18.69   18.59    0.10   -13.42  -13.58    0.16   264.28  264.22    0.07     0.13
   25      242     195     0  -2   4    -0.00   -2.01    4.00     0.00    0.01   -0.00    18.62   18.59    0.03    -6.06   -5.97   -0.09   145.80  145.79    0.00     0.04
   26      252     489     0   2  -4    -0.01    2.01   -4.01     0.01   -0.01    0.01    18.65   18.59    0.06    26.44   26.50   -0.06   325.65  325.79   -0.14     0.14
   27      258      83     0   4  -2    -0.01    4.02   -2.01     0.01   -0.02    0.01    18.70   18.59    0.10   -18.26  -18.38    0.12   301.03  301.12   -0.10     0.12
   28      231     247     4  -2   0     4.00   -2.00   -0.00     0.00    0.00    0.00    18.59   18.59   -0.00     0.26    0.35   -0.09    65.89   65.90   -0.01     0.08
   29      230     368     4   0  -2     4.00    0.01   -2.01     0.00   -0.01    0.01    18.59   18.59   -0.00    13.13   13.06    0.07    30.98   31.10   -0.12     0.14
   30      315      18    -2   4   2    -2.01    4.02    2.00     0.01   -0.02    0.00    20.49   20.39    0.10   -25.71  -25.80    0.10   244.07  243.95    0.12     0.13
   31      292     336     2  -2   4     2.00   -2.00    4.00     0.00    0.00   -0.00    20.41   20.39    0.02     9.62    9.66   -0.04   122.61  122.59    0.03     0.03
   32      281     337     4  -2   2     4.00   -1.99    2.00    -0.00   -0.01   -0.00    20.39   20.39   -0.00     9.94    9.86    0.08    88.48   88.47    0.01     0.08
   33      350     437     1  -1   5     1.00   -1.01    5.00     0.00    0.01   -0.00    21.66   21.64    0.02    21.68   21.78   -0.10   138.31  138.25    0.06     0.07
   34      337     404     5  -1   1     5.00   -1.00    1.00    -0.00   -0.00   -0.00    21.64   21.64   -0.00    18.49   18.44    0.05    71.20   71.21   -0.00     0.05
   35      485     377    -5   3   1    -5.00    3.02    1.00     0.00   -0.02   -0.00    24.74   24.68    0.06    15.57   15.69   -0.11   238.66  238.58    0.08     0.14
   36      497     226    -3   5  -1    -3.01    5.02   -1.01     0.01   -0.02    0.01    24.80   24.68    0.12    -1.59   -1.66    0.08   270.20  270.17    0.03     0.04
   37      498     209    -1   5  -3    -1.00    5.03   -3.01     0.00   -0.03    0.01    24.80   24.68    0.12    -3.55   -3.53   -0.02   298.27  298.34   -0.07     0.10
   38      490     427     1   3  -5     0.99    3.02   -5.01     0.01   -0.02    0.01    24.75   24.68    0.07    19.69   19.76   -0.06   333.19  333.34   -0.15     0.15
   39      487      12     3  -5   1     3.00   -5.02    1.00    -0.00    0.02   -0.00    24.75   24.68    0.07   -26.44  -26.35   -0.10    90.19   90.17    0.02     0.06
   40      451     465     3  -1   5     3.00   -1.00    5.01     0.00   -0.00   -0.01    24.69   24.68    0.01    24.31   24.29    0.02   118.52  118.47    0.05     0.05
   41      454     131     5  -3  -1     5.00   -3.00   -1.00    -0.00    0.00   -0.00    24.70   24.68    0.01   -13.10  -13.07   -0.03    58.60   58.58    0.02     0.02
   42      446     135     5  -1  -3     5.00   -1.00   -3.00     0.00   -0.00    0.00    24.68   24.68    0.00   -12.82  -12.78   -0.04    30.24   30.30   -0.06     0.06
   43      438     452     5  -1   3     5.00   -0.99    3.01     0.00   -0.01   -0.01    24.68   24.68   -0.00    22.71   22.57    0.14    90.31   90.29    0.03     0.14

Grain   10, 41
  68   41   41    0
 0.0624      0.000   0.000   0.000     0.000
-0.536511703 -0.440154869 -0.720013113
-0.306339026 0.896585239 -0.319830128
0.786327917 0.048975509 -0.615865087

-2.146046813 -1.225356104 3.145311669
-1.760619477 3.586340956 0.195902037
-2.880052454 -1.279320511 -2.463460350

-0.495567657 2.024084830 -0.179809627

-66.049187395 128.014806007 86.436003590

0.431337585 -0.213756956 -0.873063862 -0.077558650

    1        6      48    -1  -1   1    -1.00   -0.99    1.00     0.00   -0.01    0.00     7.16    7.17   -0.01   -22.34  -22.33   -0.01   147.24  147.08    0.16     0.16
    2        1     476     1  -1   1     1.00   -1.00    0.99     0.00   -0.00    0.01     7.14    7.17   -0.03    24.62   24.60    0.02    85.88   85.97   -0.09     0.09
    3       14     176     1   1  -1     1.00    1.01   -1.00     0.00   -0.01    0.00     7.19    7.17    0.02    -9.19   -9.17   -0.02   326.85  327.08   -0.23     0.23
    4       30      50     0   2   0     0.00    2.01   -0.00    -0.00   -0.01    0.00     8.32    8.29    0.03   -21.98  -22.00    0.02   272.86  272.81    0.04     0.05
    5       71     486    -1  -1   3    -1.00   -1.00    2.99     0.00   -0.00    0.01    13.73   13.76   -0.03    25.62   25.61    0.01   144.66  144.57    0.10     0.10
    6       97     311    -1   3  -1    -1.00    3.01   -1.00     0.00   -0.01    0.00    13.79   13.76    0.03     5.77    5.78   -0.01   269.61  269.59    0.02     0.03
    7       72     182     1  -3   1     1.00   -2.99    1.00     0.00   -0.01    0.00    13.73   13.76   -0.03    -7.99   -7.99   -0.01    89.61   89.59    0.02     0.03
    8       75     273     3  -1  -1     3.00   -0.99   -1.00     0.00   -0.01    0.00    13.74   13.76   -0.02     2.02    1.98    0.04    27.21   27.30   -0.09     0.10
    9      132      38    -2   2   2    -2.00    2.01    2.00    -0.00   -0.01    0.00    14.38   14.38    0.01   -23.64  -23.66    0.03   218.18  218.05    0.13     0.14
   10      121     438     2  -2   2     2.00   -1.99    1.99     0.00   -0.01    0.01    14.34   14.38   -0.04    21.00   20.99    0.01    85.92   85.95   -0.03     0.03
   11      136     230     2   2  -2     2.00    2.01   -2.00     0.00   -0.01    0.00    14.39   14.38    0.02    -2.52   -2.50   -0.02   327.50  327.62   -0.12     0.12
   12      149      90     0   4   0     0.00    4.01   -0.00    -0.00   -0.01    0.00    16.65   16.62    0.03   -17.81  -17.83    0.02   272.88  272.84    0.04     0.04
   13      171      93    -3   1   3    -3.00    1.01    3.00    -0.00   -0.01    0.00    18.11   18.12   -0.01   -17.51  -17.55    0.04   195.12  195.01    0.11     0.11
   14      187     470    -3   3  -1    -3.00    3.00   -1.00     0.00   -0.00    0.00    18.14   18.12    0.02    24.15   24.15    0.00   248.26  248.23    0.02     0.03
   15      182     292    -3   3   1    -3.00    3.01    1.00    -0.00   -0.01    0.00    18.13   18.12    0.01     4.49    4.48    0.01   229.02  228.93    0.09     0.09
   16      162     196    -1  -3   3    -1.00   -2.99    3.00     0.00   -0.01    0.00    18.09   18.12   -0.03    -6.63   -6.62   -0.01   130.30  130.24    0.05     0.05
   17      157     345     1  -3   3     1.00   -2.99    2.99     0.00   -0.01    0.01    18.08   18.12   -0.04     9.75    9.75    0.00   106.31  106.30    0.01     0.02
   18      183     398     1   3  -3     1.00    3.01   -3.00     0.00   -0.01    0.00    18.13   18.12    0.01    16.96   16.98   -0.02   310.18  310.24   -0.06     0.06
   19      160      79     3  -3  -1     3.00   -2.99   -1.00     0.00   -0.01   -0.00    18.09   18.12   -0.03   -19.39  -19.41    0.02    48.90   48.93   -0.03     0.03
   20      159     297     3  -3   1     3.00   -2.99    1.00     0.00   -0.01    0.00    18.09   18.12   -0.03     4.67    4.66    0.01    68.19   68.23   -0.04     0.04
   21      239     255    -2   4   0    -2.00    4.01   -0.00    -0.00   -0.01    0.00    18.62   18.59    0.02     0.49    0.48    0.01   251.88  251.82    0.06     0.06
   22      222     129     0  -4   2    -0.00   -3.99    2.00     0.00   -0.01    0.00    18.57   18.59   -0.02   -14.15  -14.15   -0.00   108.91  108.87    0.04     0.04
   23      215     450     0  -2   4    -0.00   -1.99    3.99     0.00   -0.01    0.01    18.55   18.59   -0.04    21.71   21.69    0.02   125.51  125.48    0.04     0.04
   24      240     304     0   4  -2    -0.00    4.01   -2.00     0.00   -0.01    0.00    18.62   18.59    0.03     5.47    5.48   -0.01   288.85  288.87   -0.02     0.03
   25      220      82     2  -4   0     2.00   -3.99   -0.00     0.00   -0.01    0.00    18.57   18.59   -0.03   -19.07  -19.08    0.01    71.83   71.82    0.00     0.00
   26      221     348     4  -2   0     4.00   -1.99   -0.00     0.00   -0.01    0.00    18.57   18.59   -0.03    10.02   10.00    0.02    46.26   46.33   -0.07     0.07
   27      225     240     4   0  -2     4.00    0.01   -2.00     0.00   -0.01    0.00    18.58   18.59   -0.01    -1.50   -1.64    0.15     7.29    7.36   -0.07     0.09
   28      291      80    -2   4   2    -2.00    4.01    2.00    -0.00   -0.01    0.00    20.40   20.39    0.02   -18.78  -18.80    0.02   237.35  237.25    0.11     0.11
   29      299     184     2   4  -2     2.00    4.01   -2.00     0.00   -0.01    0.00    20.41   20.39    0.03    -8.15   -8.15    0.01   308.43  308.48   -0.05     0.05
   30      269     483     4  -2   2     4.00   -1.99    1.99     0.00   -0.01    0.01    20.35   20.39   -0.03    25.53   25.50    0.02    67.81   67.88   -0.07     0.07
   31      289      20     4   2  -2     4.00    2.01   -2.00     0.00   -0.01   -0.00    20.40   20.39    0.01   -26.91  -26.94    0.03   338.05  338.14   -0.09     0.10
   32      358      99    -1   5   1    -1.00    5.01    1.00    -0.00   -0.01    0.00    21.67   21.64    0.03   -16.96  -16.98    0.02   256.97  256.89    0.08     0.08
   33      360     138     1   5  -1     1.00    5.01   -1.00    -0.00   -0.01    0.00    21.67   21.64    0.04   -12.73  -12.75    0.02   288.82  288.83   -0.00     0.01
   34      423     342    -3  -1   5    -3.00   -0.99    4.99     0.00   -0.01    0.01    24.65   24.68   -0.03     9.66    9.64    0.02   161.77  161.71    0.07     0.07
   35      459     374    -3   5  -1    -3.00    5.01   -1.00    -0.00   -0.01    0.00    24.70   24.68    0.02    14.05   14.05   -0.01   255.01  254.98    0.03     0.03
   36      419     317    -1  -3   5    -1.00   -2.99    4.99     0.00   -0.01    0.01    24.64   24.68   -0.04     6.74    6.73    0.01   134.01  133.97    0.04     0.04
   37      458     403    -1   5  -3    -1.00    5.00   -3.00     0.00   -0.00    0.00    24.70   24.68    0.02    17.58   17.59   -0.01   283.05  283.06   -0.02     0.03
   38      425     181     1  -5   3     1.00   -4.99    3.00     0.00   -0.01    0.00    24.65   24.68   -0.03    -7.73   -7.73   -0.00   103.08  103.06    0.01     0.03
   39      426     150     3  -5   1     3.00   -4.99    1.00     0.00   -0.01    0.00    24.65   24.68   -0.03   -11.46  -11.47    0.01    74.97   74.98   -0.00     0.02
   40      475      40     3   5  -1     3.00    5.01   -1.00    -0.00   -0.01    0.00    24.72   24.68    0.04   -23.71  -23.75    0.04   303.84  303.86   -0.02     0.03
   41      427     170     5  -3  -1     5.00   -2.99   -1.00     0.00   -0.01    0.00    24.66   24.68   -0.03    -9.28   -9.30    0.02    40.37   40.41   -0.04     0.04

Grain   11, 40
  66   40   40    0
 0.0780      0.000   0.000   0.000     0.000
-0.700921222 0.359260862 -0.616150203
0.701238902 0.504914650 -0.503314215
0.130282165 -0.784852107 -0.605833086

-2.803684890 2.804955607 0.521128662
1.437043448 2.019658599 -3.139408427
-2.464600813 -2.013256860 -2.423332344

1.420758006 3.766810063 -1.725764283

-50.755667063 127.288813965 170.575079964

0.222576022 0.316226665 -0.838401598 -0.384113748

    1        0     312    -1  -1   1    -0.99   -1.00    0.99    -0.01   -0.00    0.01     7.13    7.17   -0.04     5.55    5.53    0.02    88.33   88.38   -0.05     0.05
    2       11      33     1  -1  -1     1.00   -1.00   -1.00    -0.00   -0.00   -0.00     7.17    7.17   -0.00   -25.02  -24.89   -0.13   331.57  331.62   -0.06     0.08
    3       13     371     1   1  -1     1.00    1.00   -1.00    -0.00   -0.00    0.00     7.19    7.17    0.01    12.72   12.71    0.00   268.33  268.38   -0.05     0.05
    4       35      52    -2  -2   0    -1.99   -2.00   -0.00    -0.01   -0.00    0.00    11.69   11.73   -0.04   -22.38  -22.43    0.05    62.15   62.27   -0.12     0.13
    5       49     173     2   2   0     2.00    2.00   -0.00    -0.00   -0.00    0.00    11.74   11.73    0.01    -9.15   -9.20    0.04   242.28  242.27    0.01     0.04
    6       82      62    -1  -3  -1    -1.00   -3.00   -1.00    -0.00   -0.00   -0.00    13.76   13.76   -0.01   -21.17  -21.24    0.07    30.68   30.74   -0.06     0.07
    7       64     451    -1  -1   3    -1.00   -1.00    2.99    -0.00   -0.00    0.01    13.70   13.76   -0.06    21.68   21.67    0.01   110.67  110.68   -0.01     0.02
    8       93     308     1   3   1     1.01    3.01    0.99    -0.01   -0.01    0.01    13.79   13.76    0.02     5.39    5.33    0.06   210.89  210.74    0.15     0.15
    9      120     271    -2  -2   2    -1.99   -2.00    1.99    -0.01   -0.00    0.01    14.32   14.38   -0.06     1.96    1.93    0.03    88.30   88.37   -0.07     0.07
   10      123     103     2  -2  -2     1.99   -2.00   -2.00     0.01    0.00   -0.00    14.36   14.38   -0.02   -17.34  -17.24   -0.10   332.34  332.26    0.08     0.09
   11      129     392     2   2  -2     2.00    2.00   -2.00     0.00   -0.00   -0.00    14.38   14.38   -0.00    16.31   16.31   -0.00   268.31  268.37   -0.06     0.06
   12      146     457     0  -4   0    -0.01   -4.00   -0.01     0.01    0.00    0.01    16.62   16.62    0.00    21.77   21.95   -0.18    37.45   37.52   -0.06     0.11
   13      154     120    -3  -3   1    -2.99   -3.00    0.99    -0.01   -0.00    0.01    18.07   18.12   -0.05   -15.16  -15.20    0.04    71.51   71.61   -0.10     0.10
   14      152     180    -3  -1   3    -2.99   -0.99    2.99    -0.01   -0.01    0.01    18.03   18.12   -0.08    -8.08   -8.13    0.05   109.33  109.31    0.02     0.02
   15      153      37    -3   1   3    -2.98    1.01    2.99    -0.02   -0.01    0.01    18.04   18.12   -0.08   -23.66  -23.67    0.01   134.23  134.06    0.18     0.18
   16      156     454    -1  -3   3    -1.00   -3.00    2.99     0.00   -0.00    0.01    18.08   18.12   -0.04    21.70   21.75   -0.04    84.47   84.58   -0.11     0.12
   17      155     269     3  -1  -3     2.99   -1.00   -2.99     0.01    0.00   -0.01    18.08   18.12   -0.04     1.32    1.35   -0.02   314.11  314.06    0.05     0.05
   18      158     352     3   1  -3     2.99    1.00   -2.99     0.01   -0.00   -0.01    18.09   18.12   -0.03    11.04   11.05   -0.01   289.27  289.31   -0.04     0.04
   19      179     289     3   3  -1     3.00    3.00   -1.00     0.00   -0.00   -0.00    18.12   18.12    0.00     3.90    3.87    0.02   251.56  251.61   -0.05     0.05
   20      177     109     3   3   1     3.00    3.00    1.00     0.00   -0.00    0.00    18.12   18.12   -0.00   -16.48  -16.54    0.06   233.34  233.35   -0.01     0.05
   21      213     309    -2   0   4    -1.99    0.01    3.98    -0.01   -0.01    0.02    18.51   18.59   -0.08     5.69    5.63    0.06   127.54  127.45    0.08     0.09
   22      214     148     4   0  -2     3.99   -0.00   -1.99     0.01    0.00   -0.01    18.54   18.59   -0.05   -12.36  -12.31   -0.05   293.14  293.12    0.02     0.03
   23      262      68    -4  -2   2    -3.98   -2.00    1.99    -0.02   -0.00    0.01    20.30   20.39   -0.09   -20.17  -20.23    0.06    91.89   91.94   -0.05     0.05
   24      272     305    -2  -4   2    -2.00   -4.00    1.99    -0.00   -0.00    0.01    20.36   20.39   -0.03     5.10    5.12   -0.02    69.66   69.77   -0.11     0.11
   25      264     140    -2   2   4    -1.98    2.01    3.99    -0.02   -0.01    0.01    20.32   20.39   -0.06   -12.75  -12.76    0.01   152.12  151.91    0.21     0.21
   26      293     493     2   4  -2     2.00    4.01   -2.00    -0.00   -0.01   -0.00    20.41   20.39    0.02    26.79   26.82   -0.03   249.72  249.77   -0.06     0.07
   27      290     190     2   4   2     2.00    4.01    1.99    -0.00   -0.01    0.01    20.40   20.39    0.01    -7.49   -7.60    0.12   212.04  211.97    0.07     0.10
   28      267     257     4   2  -2     3.99    2.00   -1.99     0.01   -0.00   -0.01    20.35   20.39   -0.04     0.17    0.17   -0.00   271.88  271.94   -0.06     0.06
   29      345     162    -1  -5  -1    -1.00   -5.00   -1.00    -0.00    0.00    0.00    21.65   21.64    0.01   -10.70  -10.68   -0.02    30.44   30.45   -0.02     0.01
   30      340     353    -1  -5   1    -1.00   -5.00    0.99     0.00    0.00    0.01    21.64   21.64    0.00    10.81   10.90   -0.09    51.27   51.34   -0.08     0.10
   31      320     428    -1   1   5    -0.99    1.01    4.98    -0.01   -0.01    0.02    21.56   21.64   -0.07    20.00   19.92    0.08   140.72  140.61    0.11     0.12
   32      323      84     5   1  -1     4.99    1.00   -1.00     0.01    0.00   -0.00    21.58   21.64   -0.06   -18.44  -18.39   -0.05   275.30  275.31   -0.01     0.02
   33      389     225     4   4   0     4.00    4.00   -0.00     0.00   -0.00    0.00    23.58   23.58   -0.01    -2.45   -2.49    0.04   241.75  241.78   -0.03     0.05
   34      429     159    -3  -5   1    -2.99   -5.00    0.99    -0.01   -0.00    0.01    24.66   24.68   -0.02   -10.77  -10.78    0.01    59.47   59.57   -0.09     0.09
   35      408     259    -3  -1   5    -2.99   -0.99    4.98    -0.01   -0.01    0.02    24.58   24.68   -0.10     0.87    0.81    0.06   117.15  117.13    0.02     0.03
   36      412     467    -1  -3   5    -1.00   -3.00    4.98     0.00   -0.00    0.02    24.61   24.68   -0.07    23.67   23.69   -0.02    97.93   98.01   -0.08     0.10
   37      414     264    -1   3   5    -0.99    3.01    4.98    -0.01   -0.01    0.02    24.63   24.68   -0.05     1.30    1.26    0.04   162.75  162.57    0.18     0.19
   38      460     406     3   5  -1     3.00    5.01   -1.00    -0.00   -0.01   -0.00    24.70   24.68    0.02    17.71   17.69    0.02   239.54  239.57   -0.03     0.02
   39      410     177     5  -1  -3     4.98   -1.00   -2.99     0.02    0.00   -0.01    24.60   24.68   -0.08    -9.31   -9.25   -0.07   304.33  304.26    0.07     0.07
   40      416     201     5   3  -1     4.99    3.00   -1.00     0.01    0.00   -0.00    24.64   24.68   -0.04    -5.59   -5.59    0.00   259.00  259.06   -0.05     0.05


In total 501 gvectors of which 475 (94.8%) were assigned:
26 (5.2%) not assigned, 475 (94.8%) once, 0 (0.0%) more than once.
